mode: set
github.com/Rasikrr/learning_platform/api/api.go:14.72,19.8 4 0
github.com/Rasikrr/learning_platform/api/api.go:19.8,21.17 2 0
github.com/Rasikrr/learning_platform/api/api.go:21.17,24.4 2 0
github.com/Rasikrr/learning_platform/api/api.go:25.3,26.9 2 0
github.com/Rasikrr/learning_platform/api/api.go:28.2,29.16 2 0
github.com/Rasikrr/learning_platform/api/api.go:29.16,32.3 2 0
github.com/Rasikrr/learning_platform/api/api.go:33.2,33.13 1 0
github.com/Rasikrr/learning_platform/api/api.go:36.55,39.16 3 0
github.com/Rasikrr/learning_platform/api/api.go:39.16,41.3 1 0
github.com/Rasikrr/learning_platform/api/api.go:42.2,42.17 1 0
github.com/Rasikrr/learning_platform/api/api.go:42.17,44.9 2 0
github.com/Rasikrr/learning_platform/api/api.go:44.9,46.4 1 0
github.com/Rasikrr/learning_platform/api/api.go:49.2,49.33 1 0
github.com/Rasikrr/learning_platform/api/api.go:52.66,61.2 5 0
github.com/Rasikrr/learning_platform/api/models.go:9.53,13.2 1 0
github.com/Rasikrr/learning_platform/api/models_easyjson.go:20.103,22.17 2 0
github.com/Rasikrr/learning_platform/api/models_easyjson.go:22.17,23.17 1 0
github.com/Rasikrr/learning_platform/api/models_easyjson.go:23.17,25.4 1 0
github.com/Rasikrr/learning_platform/api/models_easyjson.go:26.3,27.9 2 0
github.com/Rasikrr/learning_platform/api/models_easyjson.go:29.2,30.23 2 0
github.com/Rasikrr/learning_platform/api/models_easyjson.go:30.23,33.18 3 0
github.com/Rasikrr/learning_platform/api/models_easyjson.go:33.18,36.12 3 0
github.com/Rasikrr/learning_platform/api/models_easyjson.go:38.3,38.14 1 0
github.com/Rasikrr/learning_platform/api/models_easyjson.go:39.17,40.36 1 0
github.com/Rasikrr/learning_platform/api/models_easyjson.go:41.11,42.22 1 0
github.com/Rasikrr/learning_platform/api/models_easyjson.go:44.3,44.17 1 0
github.com/Rasikrr/learning_platform/api/models_easyjson.go:46.2,47.16 2 0
github.com/Rasikrr/learning_platform/api/models_easyjson.go:47.16,49.3 1 0
github.com/Rasikrr/learning_platform/api/models_easyjson.go:51.104,55.2 4 0
github.com/Rasikrr/learning_platform/api/models_easyjson.go:55.2,59.3 3 0
github.com/Rasikrr/learning_platform/api/models_easyjson.go:60.2,60.18 1 0
github.com/Rasikrr/learning_platform/api/models_easyjson.go:64.61,68.2 3 0
github.com/Rasikrr/learning_platform/api/models_easyjson.go:71.66,73.2 1 0
github.com/Rasikrr/learning_platform/api/models_easyjson.go:76.65,80.2 3 0
github.com/Rasikrr/learning_platform/api/models_easyjson.go:83.67,85.2 1 0
github.com/Rasikrr/learning_platform/internal/ports/http/server.go:31.11,50.2 5 0
github.com/Rasikrr/learning_platform/internal/ports/http/server.go:52.40,54.2 1 0
github.com/Rasikrr/learning_platform/internal/ports/http/server.go:56.32,59.2 2 0
github.com/Rasikrr/learning_platform/internal/ports/http/server.go:61.54,62.44 1 0
github.com/Rasikrr/learning_platform/internal/ports/http/server.go:62.44,64.3 1 0
github.com/Rasikrr/learning_platform/internal/ports/http/server.go:65.2,65.12 1 0
github.com/Rasikrr/learning_platform/internal/repositories/mocks/users/mock.go:27.65,31.2 3 0
github.com/Rasikrr/learning_platform/internal/repositories/mocks/users/mock.go:34.63,36.2 1 0
github.com/Rasikrr/learning_platform/internal/repositories/mocks/users/mock.go:39.81,44.2 4 0
github.com/Rasikrr/learning_platform/internal/repositories/mocks/users/mock.go:47.82,50.2 2 0
github.com/Rasikrr/learning_platform/internal/repositories/mocks/users/mock.go:53.74,58.2 4 0
github.com/Rasikrr/learning_platform/internal/repositories/mocks/users/mock.go:61.83,64.2 2 0
github.com/Rasikrr/learning_platform/internal/repositories/mocks/users/mock.go:67.80,73.2 5 0
github.com/Rasikrr/learning_platform/internal/repositories/mocks/users/mock.go:76.76,79.2 2 0
github.com/Rasikrr/learning_platform/internal/repositories/mocks/users/mock.go:82.96,88.2 5 0
github.com/Rasikrr/learning_platform/internal/repositories/mocks/users/mock.go:91.87,94.2 2 0
github.com/Rasikrr/learning_platform/internal/repositories/mocks/users/mock.go:97.84,102.2 4 0
github.com/Rasikrr/learning_platform/internal/repositories/mocks/users/mock.go:105.93,108.2 2 0
github.com/Rasikrr/learning_platform/internal/domain/entities/user.go:18.50,29.2 2 0
github.com/Rasikrr/learning_platform/internal/repositories/users/model.go:20.44,30.2 2 0
github.com/Rasikrr/learning_platform/internal/repositories/users/model.go:32.46,41.2 1 0
github.com/Rasikrr/learning_platform/internal/repositories/users/model.go:43.48,45.23 2 0
github.com/Rasikrr/learning_platform/internal/repositories/users/model.go:45.23,47.3 1 0
github.com/Rasikrr/learning_platform/internal/repositories/users/model.go:48.2,48.12 1 0
github.com/Rasikrr/learning_platform/internal/repositories/users/repository.go:26.33,31.2 1 0
github.com/Rasikrr/learning_platform/internal/repositories/users/repository.go:33.90,38.9 4 0
github.com/Rasikrr/learning_platform/internal/repositories/users/repository.go:38.9,40.3 1 0
github.com/Rasikrr/learning_platform/internal/repositories/users/repository.go:41.2,41.29 1 0
github.com/Rasikrr/learning_platform/internal/repositories/users/repository.go:44.74,49.25 4 0
github.com/Rasikrr/learning_platform/internal/repositories/users/repository.go:49.25,51.3 1 0
github.com/Rasikrr/learning_platform/internal/repositories/users/repository.go:52.2,52.32 1 0
github.com/Rasikrr/learning_platform/internal/repositories/users/repository.go:55.75,61.2 5 0
github.com/Rasikrr/learning_platform/internal/repositories/users/repository.go:63.68,67.31 3 0
github.com/Rasikrr/learning_platform/internal/repositories/users/repository.go:67.31,69.3 1 0
github.com/Rasikrr/learning_platform/internal/repositories/users/repository.go:70.2,71.12 2 0
github.com/Rasikrr/learning_platform/internal/repositories/users/repository.go:74.78,80.2 5 0
github.com/Rasikrr/learning_platform/configs/configs.go:18.30,20.62 2 0
github.com/Rasikrr/learning_platform/configs/configs.go:20.62,22.3 1 0
github.com/Rasikrr/learning_platform/configs/configs.go:23.2,23.20 1 0
github.com/Rasikrr/learning_platform/internal/app/app.go:35.53,37.16 2 0
github.com/Rasikrr/learning_platform/internal/app/app.go:37.16,38.13 1 0
github.com/Rasikrr/learning_platform/internal/app/app.go:40.2,49.4 2 0
github.com/Rasikrr/learning_platform/internal/app/app.go:49.4,50.35 1 0
github.com/Rasikrr/learning_platform/internal/app/app.go:50.35,52.4 1 0
github.com/Rasikrr/learning_platform/internal/app/app.go:54.2,54.12 1 0
github.com/Rasikrr/learning_platform/internal/app/app.go:57.57,60.2 2 0
github.com/Rasikrr/learning_platform/internal/app/app.go:62.53,65.2 2 0
github.com/Rasikrr/learning_platform/internal/app/app.go:67.55,70.2 2 0
github.com/Rasikrr/learning_platform/internal/app/app.go:72.52,77.2 2 0
github.com/Rasikrr/learning_platform/internal/app/app.go:79.48,87.30 6 0
github.com/Rasikrr/learning_platform/internal/app/app.go:87.30,89.3 1 0
github.com/Rasikrr/learning_platform/internal/app/app.go:91.2,91.49 1 0
github.com/Rasikrr/learning_platform/internal/app/app.go:91.49,93.3 1 0
github.com/Rasikrr/learning_platform/internal/app/app.go:95.2,95.12 1 0
github.com/Rasikrr/learning_platform/internal/app/app.go:98.57,106.68 5 0
github.com/Rasikrr/learning_platform/internal/app/app.go:106.68,108.3 1 0
github.com/Rasikrr/learning_platform/internal/app/app.go:109.2,109.10 1 0
github.com/Rasikrr/learning_platform/internal/app/app.go:112.57,117.24 2 0
github.com/Rasikrr/learning_platform/internal/app/app.go:117.24,119.13 2 0
github.com/Rasikrr/learning_platform/internal/app/app.go:119.13,121.39 2 0
github.com/Rasikrr/learning_platform/internal/app/app.go:121.39,122.33 1 0
github.com/Rasikrr/learning_platform/internal/app/app.go:122.33,123.46 1 0
github.com/Rasikrr/learning_platform/internal/app/app.go:123.46,126.7 2 0
github.com/Rasikrr/learning_platform/internal/app/app.go:127.6,127.45 1 0
github.com/Rasikrr/learning_platform/internal/app/app.go:129.5,129.11 1 0
github.com/Rasikrr/learning_platform/internal/app/app.go:131.4,131.58 1 0
github.com/Rasikrr/learning_platform/internal/app/app.go:131.58,132.36 1 0
github.com/Rasikrr/learning_platform/internal/app/app.go:132.36,134.6 1 0
github.com/Rasikrr/learning_platform/internal/app/app.go:135.5,135.11 1 0
github.com/Rasikrr/learning_platform/internal/app/app.go:137.4,137.46 1 0
github.com/Rasikrr/learning_platform/internal/app/app.go:140.2,141.28 2 0
github.com/Rasikrr/learning_platform/internal/ports/http/handlers/users/create.go:8.73,10.45 2 0
github.com/Rasikrr/learning_platform/internal/ports/http/handlers/users/create.go:10.45,13.3 2 0
github.com/Rasikrr/learning_platform/internal/ports/http/handlers/users/create.go:14.2,14.94 1 0
github.com/Rasikrr/learning_platform/internal/ports/http/handlers/users/create.go:14.94,17.3 2 0
github.com/Rasikrr/learning_platform/internal/ports/http/handlers/users/create.go:18.2,18.63 1 0
github.com/Rasikrr/learning_platform/internal/ports/http/handlers/users/delete.go:9.73,12.17 2 0
github.com/Rasikrr/learning_platform/internal/ports/http/handlers/users/delete.go:12.17,15.3 2 0
github.com/Rasikrr/learning_platform/internal/ports/http/handlers/users/delete.go:16.2,16.66 1 0
github.com/Rasikrr/learning_platform/internal/ports/http/handlers/users/delete.go:16.66,19.3 2 0
github.com/Rasikrr/learning_platform/internal/ports/http/handlers/users/delete.go:20.2,20.63 1 0
github.com/Rasikrr/learning_platform/internal/ports/http/handlers/users/get.go:9.70,11.17 2 0
github.com/Rasikrr/learning_platform/internal/ports/http/handlers/users/get.go:11.17,14.3 2 0
github.com/Rasikrr/learning_platform/internal/ports/http/handlers/users/get.go:15.2,16.16 2 0
github.com/Rasikrr/learning_platform/internal/ports/http/handlers/users/get.go:16.16,19.3 2 0
github.com/Rasikrr/learning_platform/internal/ports/http/handlers/users/get.go:20.2,20.53 1 0
github.com/Rasikrr/learning_platform/internal/ports/http/handlers/users/get_all.go:8.74,10.16 2 0
github.com/Rasikrr/learning_platform/internal/ports/http/handlers/users/get_all.go:10.16,13.3 2 0
github.com/Rasikrr/learning_platform/internal/ports/http/handlers/users/get_all.go:14.2,14.63 1 0
github.com/Rasikrr/learning_platform/internal/ports/http/handlers/users/models.go:34.43,42.2 1 0
github.com/Rasikrr/learning_platform/internal/ports/http/handlers/users/models.go:44.73,46.26 2 0
github.com/Rasikrr/learning_platform/internal/ports/http/handlers/users/models.go:46.26,48.3 1 0
github.com/Rasikrr/learning_platform/internal/ports/http/handlers/users/models.go:49.2,51.3 1 0
github.com/Rasikrr/learning_platform/internal/ports/http/handlers/users/models_easyjson.go:20.127,22.17 2 0
github.com/Rasikrr/learning_platform/internal/ports/http/handlers/users/models_easyjson.go:22.17,23.17 1 0
github.com/Rasikrr/learning_platform/internal/ports/http/handlers/users/models_easyjson.go:23.17,25.4 1 0
github.com/Rasikrr/learning_platform/internal/ports/http/handlers/users/models_easyjson.go:26.3,27.9 2 0
github.com/Rasikrr/learning_platform/internal/ports/http/handlers/users/models_easyjson.go:29.2,30.23 2 0
github.com/Rasikrr/learning_platform/internal/ports/http/handlers/users/models_easyjson.go:30.23,33.18 3 0
github.com/Rasikrr/learning_platform/internal/ports/http/handlers/users/models_easyjson.go:33.18,36.12 3 0
github.com/Rasikrr/learning_platform/internal/ports/http/handlers/users/models_easyjson.go:38.3,38.14 1 0
github.com/Rasikrr/learning_platform/internal/ports/http/handlers/users/models_easyjson.go:39.16,40.35 1 0
github.com/Rasikrr/learning_platform/internal/ports/http/handlers/users/models_easyjson.go:41.19,42.38 1 0
github.com/Rasikrr/learning_platform/internal/ports/http/handlers/users/models_easyjson.go:43.15,44.34 1 0
github.com/Rasikrr/learning_platform/internal/ports/http/handlers/users/models_easyjson.go:45.11,46.22 1 0
github.com/Rasikrr/learning_platform/internal/ports/http/handlers/users/models_easyjson.go:48.3,48.17 1 0
github.com/Rasikrr/learning_platform/internal/ports/http/handlers/users/models_easyjson.go:50.2,51.16 2 0
github.com/Rasikrr/learning_platform/internal/ports/http/handlers/users/models_easyjson.go:51.16,53.3 1 0
github.com/Rasikrr/learning_platform/internal/ports/http/handlers/users/models_easyjson.go:55.128,59.2 4 0
github.com/Rasikrr/learning_platform/internal/ports/http/handlers/users/models_easyjson.go:59.2,63.3 3 0
github.com/Rasikrr/learning_platform/internal/ports/http/handlers/users/models_easyjson.go:64.2,68.3 3 0
github.com/Rasikrr/learning_platform/internal/ports/http/handlers/users/models_easyjson.go:69.2,73.3 3 0
github.com/Rasikrr/learning_platform/internal/ports/http/handlers/users/models_easyjson.go:74.2,74.18 1 0
github.com/Rasikrr/learning_platform/internal/ports/http/handlers/users/models_easyjson.go:78.58,82.2 3 0
github.com/Rasikrr/learning_platform/internal/ports/http/handlers/users/models_easyjson.go:85.63,87.2 1 0
github.com/Rasikrr/learning_platform/internal/ports/http/handlers/users/models_easyjson.go:90.62,94.2 3 0
github.com/Rasikrr/learning_platform/internal/ports/http/handlers/users/models_easyjson.go:97.64,99.2 1 0
github.com/Rasikrr/learning_platform/internal/ports/http/handlers/users/models_easyjson.go:100.130,102.17 2 0
github.com/Rasikrr/learning_platform/internal/ports/http/handlers/users/models_easyjson.go:102.17,103.17 1 0
github.com/Rasikrr/learning_platform/internal/ports/http/handlers/users/models_easyjson.go:103.17,105.4 1 0
github.com/Rasikrr/learning_platform/internal/ports/http/handlers/users/models_easyjson.go:106.3,107.9 2 0
github.com/Rasikrr/learning_platform/internal/ports/http/handlers/users/models_easyjson.go:109.2,110.23 2 0
github.com/Rasikrr/learning_platform/internal/ports/http/handlers/users/models_easyjson.go:110.23,113.18 3 0
github.com/Rasikrr/learning_platform/internal/ports/http/handlers/users/models_easyjson.go:113.18,116.12 3 0
github.com/Rasikrr/learning_platform/internal/ports/http/handlers/users/models_easyjson.go:118.3,118.14 1 0
github.com/Rasikrr/learning_platform/internal/ports/http/handlers/users/models_easyjson.go:119.17,120.19 1 0
github.com/Rasikrr/learning_platform/internal/ports/http/handlers/users/models_easyjson.go:120.19,123.5 2 0
github.com/Rasikrr/learning_platform/internal/ports/http/handlers/users/models_easyjson.go:123.10,125.26 2 0
github.com/Rasikrr/learning_platform/internal/ports/http/handlers/users/models_easyjson.go:125.26,126.26 1 0
github.com/Rasikrr/learning_platform/internal/ports/http/handlers/users/models_easyjson.go:126.26,128.7 1 0
github.com/Rasikrr/learning_platform/internal/ports/http/handlers/users/models_easyjson.go:128.12,130.7 1 0
github.com/Rasikrr/learning_platform/internal/ports/http/handlers/users/models_easyjson.go:131.11,133.6 1 0
github.com/Rasikrr/learning_platform/internal/ports/http/handlers/users/models_easyjson.go:134.5,134.26 1 0
github.com/Rasikrr/learning_platform/internal/ports/http/handlers/users/models_easyjson.go:134.26,139.6 4 0
github.com/Rasikrr/learning_platform/internal/ports/http/handlers/users/models_easyjson.go:140.5,140.18 1 0
github.com/Rasikrr/learning_platform/internal/ports/http/handlers/users/models_easyjson.go:142.11,143.22 1 0
github.com/Rasikrr/learning_platform/internal/ports/http/handlers/users/models_easyjson.go:145.3,145.17 1 0
github.com/Rasikrr/learning_platform/internal/ports/http/handlers/users/models_easyjson.go:147.2,148.16 2 0
github.com/Rasikrr/learning_platform/internal/ports/http/handlers/users/models_easyjson.go:148.16,150.3 1 0
github.com/Rasikrr/learning_platform/internal/ports/http/handlers/users/models_easyjson.go:152.131,156.2 4 0
github.com/Rasikrr/learning_platform/internal/ports/http/handlers/users/models_easyjson.go:156.2,159.67 3 0
github.com/Rasikrr/learning_platform/internal/ports/http/handlers/users/models_easyjson.go:159.67,161.4 1 0
github.com/Rasikrr/learning_platform/internal/ports/http/handlers/users/models_easyjson.go:161.9,163.34 2 0
github.com/Rasikrr/learning_platform/internal/ports/http/handlers/users/models_easyjson.go:163.34,164.15 1 0
github.com/Rasikrr/learning_platform/internal/ports/http/handlers/users/models_easyjson.go:164.15,166.6 1 0
github.com/Rasikrr/learning_platform/internal/ports/http/handlers/users/models_easyjson.go:167.5,167.30 1 0
github.com/Rasikrr/learning_platform/internal/ports/http/handlers/users/models_easyjson.go:169.4,169.20 1 0
github.com/Rasikrr/learning_platform/internal/ports/http/handlers/users/models_easyjson.go:172.2,172.18 1 0
github.com/Rasikrr/learning_platform/internal/ports/http/handlers/users/models_easyjson.go:176.60,180.2 3 0
github.com/Rasikrr/learning_platform/internal/ports/http/handlers/users/models_easyjson.go:183.65,185.2 1 0
github.com/Rasikrr/learning_platform/internal/ports/http/handlers/users/models_easyjson.go:188.64,192.2 3 0
github.com/Rasikrr/learning_platform/internal/ports/http/handlers/users/models_easyjson.go:195.66,197.2 1 0
github.com/Rasikrr/learning_platform/internal/ports/http/handlers/users/models_easyjson.go:198.128,200.17 2 0
github.com/Rasikrr/learning_platform/internal/ports/http/handlers/users/models_easyjson.go:200.17,201.17 1 0
github.com/Rasikrr/learning_platform/internal/ports/http/handlers/users/models_easyjson.go:201.17,203.4 1 0
github.com/Rasikrr/learning_platform/internal/ports/http/handlers/users/models_easyjson.go:204.3,205.9 2 0
github.com/Rasikrr/learning_platform/internal/ports/http/handlers/users/models_easyjson.go:207.2,208.23 2 0
github.com/Rasikrr/learning_platform/internal/ports/http/handlers/users/models_easyjson.go:208.23,211.18 3 0
github.com/Rasikrr/learning_platform/internal/ports/http/handlers/users/models_easyjson.go:211.18,214.12 3 0
github.com/Rasikrr/learning_platform/internal/ports/http/handlers/users/models_easyjson.go:216.3,216.14 1 0
github.com/Rasikrr/learning_platform/internal/ports/http/handlers/users/models_easyjson.go:217.16,218.35 1 0
github.com/Rasikrr/learning_platform/internal/ports/http/handlers/users/models_easyjson.go:219.15,220.34 1 0
github.com/Rasikrr/learning_platform/internal/ports/http/handlers/users/models_easyjson.go:221.19,222.38 1 0
github.com/Rasikrr/learning_platform/internal/ports/http/handlers/users/models_easyjson.go:223.11,224.22 1 0
github.com/Rasikrr/learning_platform/internal/ports/http/handlers/users/models_easyjson.go:226.3,226.17 1 0
github.com/Rasikrr/learning_platform/internal/ports/http/handlers/users/models_easyjson.go:228.2,229.16 2 0
github.com/Rasikrr/learning_platform/internal/ports/http/handlers/users/models_easyjson.go:229.16,231.3 1 0
github.com/Rasikrr/learning_platform/internal/ports/http/handlers/users/models_easyjson.go:233.129,237.2 4 0
github.com/Rasikrr/learning_platform/internal/ports/http/handlers/users/models_easyjson.go:237.2,241.3 3 0
github.com/Rasikrr/learning_platform/internal/ports/http/handlers/users/models_easyjson.go:242.2,246.3 3 0
github.com/Rasikrr/learning_platform/internal/ports/http/handlers/users/models_easyjson.go:247.2,251.3 3 0
github.com/Rasikrr/learning_platform/internal/ports/http/handlers/users/models_easyjson.go:252.2,252.18 1 0
github.com/Rasikrr/learning_platform/internal/ports/http/handlers/users/models_easyjson.go:256.58,260.2 3 0
github.com/Rasikrr/learning_platform/internal/ports/http/handlers/users/models_easyjson.go:263.63,265.2 1 0
github.com/Rasikrr/learning_platform/internal/ports/http/handlers/users/models_easyjson.go:268.62,272.2 3 0
github.com/Rasikrr/learning_platform/internal/ports/http/handlers/users/models_easyjson.go:275.64,277.2 1 0
github.com/Rasikrr/learning_platform/internal/ports/http/handlers/users/models_easyjson.go:278.115,280.17 2 0
github.com/Rasikrr/learning_platform/internal/ports/http/handlers/users/models_easyjson.go:280.17,281.17 1 0
github.com/Rasikrr/learning_platform/internal/ports/http/handlers/users/models_easyjson.go:281.17,283.4 1 0
github.com/Rasikrr/learning_platform/internal/ports/http/handlers/users/models_easyjson.go:284.3,285.9 2 0
github.com/Rasikrr/learning_platform/internal/ports/http/handlers/users/models_easyjson.go:287.2,288.23 2 0
github.com/Rasikrr/learning_platform/internal/ports/http/handlers/users/models_easyjson.go:288.23,291.18 3 0
github.com/Rasikrr/learning_platform/internal/ports/http/handlers/users/models_easyjson.go:291.18,294.12 3 0
github.com/Rasikrr/learning_platform/internal/ports/http/handlers/users/models_easyjson.go:296.3,296.14 1 0
github.com/Rasikrr/learning_platform/internal/ports/http/handlers/users/models_easyjson.go:297.16,298.35 1 0
github.com/Rasikrr/learning_platform/internal/ports/http/handlers/users/models_easyjson.go:299.15,300.34 1 0
github.com/Rasikrr/learning_platform/internal/ports/http/handlers/users/models_easyjson.go:301.19,302.38 1 0
github.com/Rasikrr/learning_platform/internal/ports/http/handlers/users/models_easyjson.go:303.21,304.33 1 0
github.com/Rasikrr/learning_platform/internal/ports/http/handlers/users/models_easyjson.go:304.33,306.5 1 0
github.com/Rasikrr/learning_platform/internal/ports/http/handlers/users/models_easyjson.go:307.21,308.33 1 0
github.com/Rasikrr/learning_platform/internal/ports/http/handlers/users/models_easyjson.go:308.33,310.5 1 0
github.com/Rasikrr/learning_platform/internal/ports/http/handlers/users/models_easyjson.go:311.11,312.22 1 0
github.com/Rasikrr/learning_platform/internal/ports/http/handlers/users/models_easyjson.go:314.3,314.17 1 0
github.com/Rasikrr/learning_platform/internal/ports/http/handlers/users/models_easyjson.go:316.2,317.16 2 0
github.com/Rasikrr/learning_platform/internal/ports/http/handlers/users/models_easyjson.go:317.16,319.3 1 0
github.com/Rasikrr/learning_platform/internal/ports/http/handlers/users/models_easyjson.go:321.116,325.2 4 0
github.com/Rasikrr/learning_platform/internal/ports/http/handlers/users/models_easyjson.go:325.2,329.3 3 0
github.com/Rasikrr/learning_platform/internal/ports/http/handlers/users/models_easyjson.go:330.2,334.3 3 0
github.com/Rasikrr/learning_platform/internal/ports/http/handlers/users/models_easyjson.go:335.2,339.3 3 0
github.com/Rasikrr/learning_platform/internal/ports/http/handlers/users/models_easyjson.go:340.2,344.3 3 0
github.com/Rasikrr/learning_platform/internal/ports/http/handlers/users/models_easyjson.go:345.2,349.3 3 0
github.com/Rasikrr/learning_platform/internal/ports/http/handlers/users/models_easyjson.go:350.2,350.18 1 0
github.com/Rasikrr/learning_platform/internal/ports/http/handlers/users/models_easyjson.go:354.45,358.2 3 0
github.com/Rasikrr/learning_platform/internal/ports/http/handlers/users/models_easyjson.go:361.50,363.2 1 0
github.com/Rasikrr/learning_platform/internal/ports/http/handlers/users/models_easyjson.go:366.49,370.2 3 0
github.com/Rasikrr/learning_platform/internal/ports/http/handlers/users/models_easyjson.go:373.51,375.2 1 0
github.com/Rasikrr/learning_platform/internal/ports/http/handlers/users/router.go:16.50,20.2 1 0
github.com/Rasikrr/learning_platform/internal/ports/http/handlers/users/router.go:22.45,28.2 5 0
github.com/Rasikrr/learning_platform/internal/ports/http/handlers/users/update.go:8.73,10.45 2 0
github.com/Rasikrr/learning_platform/internal/ports/http/handlers/users/update.go:10.45,13.3 2 0
github.com/Rasikrr/learning_platform/internal/ports/http/handlers/users/update.go:14.2,14.98 1 0
github.com/Rasikrr/learning_platform/internal/ports/http/handlers/users/update.go:14.98,17.3 2 0
github.com/Rasikrr/learning_platform/internal/ports/http/handlers/users/update.go:18.2,18.63 1 0
github.com/Rasikrr/learning_platform/cmd/app/main.go:13.13,17.37 4 0
github.com/Rasikrr/learning_platform/cmd/app/main.go:17.37,19.3 1 0
github.com/Rasikrr/learning_platform/internal/util/hash.go:5.44,7.16 2 0
github.com/Rasikrr/learning_platform/internal/util/hash.go:7.16,9.3 1 0
github.com/Rasikrr/learning_platform/internal/util/hash.go:10.2,10.36 1 0
github.com/Rasikrr/learning_platform/internal/util/hash.go:13.59,15.2 1 0
github.com/Rasikrr/learning_platform/internal/workers/db_info/worker.go:19.59,23.2 1 0
github.com/Rasikrr/learning_platform/internal/workers/db_info/worker.go:25.49,27.6 2 0
github.com/Rasikrr/learning_platform/internal/workers/db_info/worker.go:27.6,28.10 1 0
github.com/Rasikrr/learning_platform/internal/workers/db_info/worker.go:29.21,31.14 2 0
github.com/Rasikrr/learning_platform/internal/workers/db_info/worker.go:32.19,34.18 2 0
github.com/Rasikrr/learning_platform/internal/workers/db_info/worker.go:34.18,36.13 2 0
github.com/Rasikrr/learning_platform/internal/workers/db_info/worker.go:38.4,38.31 1 0
github.com/Rasikrr/learning_platform/internal/workers/db_info/worker.go:38.31,40.5 1 0
github.com/Rasikrr/learning_platform/internal/workers/db_info/worker.go:41.4,41.43 1 0
github.com/Rasikrr/learning_platform/internal/domain/entities/user.go:18.50,29.2 2 1
github.com/Rasikrr/learning_platform/internal/repositories/mocks/users/mock.go:27.65,31.2 3 1
github.com/Rasikrr/learning_platform/internal/repositories/mocks/users/mock.go:34.63,36.2 1 1
github.com/Rasikrr/learning_platform/internal/repositories/mocks/users/mock.go:39.81,44.2 4 1
github.com/Rasikrr/learning_platform/internal/repositories/mocks/users/mock.go:47.82,50.2 2 1
github.com/Rasikrr/learning_platform/internal/repositories/mocks/users/mock.go:53.74,58.2 4 1
github.com/Rasikrr/learning_platform/internal/repositories/mocks/users/mock.go:61.83,64.2 2 1
github.com/Rasikrr/learning_platform/internal/repositories/mocks/users/mock.go:67.80,73.2 5 1
github.com/Rasikrr/learning_platform/internal/repositories/mocks/users/mock.go:76.76,79.2 2 1
github.com/Rasikrr/learning_platform/internal/repositories/mocks/users/mock.go:82.96,88.2 5 1
github.com/Rasikrr/learning_platform/internal/repositories/mocks/users/mock.go:91.87,94.2 2 1
github.com/Rasikrr/learning_platform/internal/repositories/mocks/users/mock.go:97.84,102.2 4 1
github.com/Rasikrr/learning_platform/internal/repositories/mocks/users/mock.go:105.93,108.2 2 1
github.com/Rasikrr/learning_platform/internal/repositories/users/model.go:20.44,30.2 2 0
github.com/Rasikrr/learning_platform/internal/repositories/users/model.go:32.46,41.2 1 0
github.com/Rasikrr/learning_platform/internal/repositories/users/model.go:43.48,45.23 2 0
github.com/Rasikrr/learning_platform/internal/repositories/users/model.go:45.23,47.3 1 0
github.com/Rasikrr/learning_platform/internal/repositories/users/model.go:48.2,48.12 1 0
github.com/Rasikrr/learning_platform/internal/repositories/users/repository.go:26.33,31.2 1 0
github.com/Rasikrr/learning_platform/internal/repositories/users/repository.go:33.90,38.9 4 0
github.com/Rasikrr/learning_platform/internal/repositories/users/repository.go:38.9,40.3 1 0
github.com/Rasikrr/learning_platform/internal/repositories/users/repository.go:41.2,41.29 1 0
github.com/Rasikrr/learning_platform/internal/repositories/users/repository.go:44.74,49.25 4 0
github.com/Rasikrr/learning_platform/internal/repositories/users/repository.go:49.25,51.3 1 0
github.com/Rasikrr/learning_platform/internal/repositories/users/repository.go:52.2,52.32 1 0
github.com/Rasikrr/learning_platform/internal/repositories/users/repository.go:55.75,61.2 5 0
github.com/Rasikrr/learning_platform/internal/repositories/users/repository.go:63.68,67.31 3 0
github.com/Rasikrr/learning_platform/internal/repositories/users/repository.go:67.31,69.3 1 0
github.com/Rasikrr/learning_platform/internal/repositories/users/repository.go:70.2,71.12 2 0
github.com/Rasikrr/learning_platform/internal/repositories/users/repository.go:74.78,80.2 5 0
github.com/Rasikrr/learning_platform/internal/services/users/service.go:24.58,28.2 1 1
github.com/Rasikrr/learning_platform/internal/services/users/service.go:30.89,32.16 2 1
github.com/Rasikrr/learning_platform/internal/services/users/service.go:32.16,34.3 1 0
github.com/Rasikrr/learning_platform/internal/services/users/service.go:35.2,35.18 1 1
github.com/Rasikrr/learning_platform/internal/services/users/service.go:38.73,40.16 2 1
github.com/Rasikrr/learning_platform/internal/services/users/service.go:40.16,42.3 1 0
github.com/Rasikrr/learning_platform/internal/services/users/service.go:43.2,43.17 1 1
github.com/Rasikrr/learning_platform/internal/services/users/service.go:46.83,48.16 2 1
github.com/Rasikrr/learning_platform/internal/services/users/service.go:48.16,49.56 1 1
github.com/Rasikrr/learning_platform/internal/services/users/service.go:49.56,51.4 1 0
github.com/Rasikrr/learning_platform/internal/services/users/service.go:53.2,53.14 1 1
github.com/Rasikrr/learning_platform/internal/services/users/service.go:53.14,55.3 1 1
github.com/Rasikrr/learning_platform/internal/services/users/service.go:56.2,57.59 2 1
github.com/Rasikrr/learning_platform/internal/services/users/service.go:57.59,59.3 1 0
github.com/Rasikrr/learning_platform/internal/services/users/service.go:60.2,60.12 1 1
github.com/Rasikrr/learning_platform/internal/services/users/service.go:63.67,64.60 1 1
github.com/Rasikrr/learning_platform/internal/services/users/service.go:64.60,66.3 1 1
github.com/Rasikrr/learning_platform/internal/services/users/service.go:67.2,67.12 1 1
github.com/Rasikrr/learning_platform/internal/services/users/service.go:70.87,72.16 2 1
github.com/Rasikrr/learning_platform/internal/services/users/service.go:72.16,74.3 1 1
github.com/Rasikrr/learning_platform/internal/services/users/service.go:76.2,76.68 1 1
github.com/Rasikrr/learning_platform/internal/services/users/service.go:76.68,78.3 1 1
github.com/Rasikrr/learning_platform/internal/services/users/service.go:80.2,80.70 1 1
github.com/Rasikrr/learning_platform/internal/services/users/service.go:80.70,82.3 1 0
github.com/Rasikrr/learning_platform/internal/services/users/service.go:83.2,83.12 1 1
github.com/Rasikrr/learning_platform/internal/util/hash.go:5.44,7.16 2 1
github.com/Rasikrr/learning_platform/internal/util/hash.go:7.16,9.3 1 0
github.com/Rasikrr/learning_platform/internal/util/hash.go:10.2,10.36 1 1
github.com/Rasikrr/learning_platform/internal/util/hash.go:13.59,15.2 1 1
