mode: set
github.com/Rasikrr/learning_platform/docs/docs.go:1010.13,1012.2 1 0
github.com/Rasikrr/learning_platform/api/api.go:27.72,32.8 4 0
github.com/Rasikrr/learning_platform/api/api.go:32.8,34.17 2 0
github.com/Rasikrr/learning_platform/api/api.go:34.17,37.4 2 0
github.com/Rasikrr/learning_platform/api/api.go:38.3,39.9 2 0
github.com/Rasikrr/learning_platform/api/api.go:41.2,42.16 2 0
github.com/Rasikrr/learning_platform/api/api.go:42.16,45.3 2 0
github.com/Rasikrr/learning_platform/api/api.go:46.2,46.13 1 0
github.com/Rasikrr/learning_platform/api/api.go:49.55,51.8 2 0
github.com/Rasikrr/learning_platform/api/api.go:51.8,52.59 1 0
github.com/Rasikrr/learning_platform/api/api.go:52.59,54.4 1 0
github.com/Rasikrr/learning_platform/api/api.go:55.3,55.13 1 0
github.com/Rasikrr/learning_platform/api/api.go:57.2,58.8 2 0
github.com/Rasikrr/learning_platform/api/api.go:58.8,59.49 1 0
github.com/Rasikrr/learning_platform/api/api.go:59.49,61.4 1 0
github.com/Rasikrr/learning_platform/api/api.go:62.3,62.13 1 0
github.com/Rasikrr/learning_platform/api/api.go:64.2,66.16 3 0
github.com/Rasikrr/learning_platform/api/api.go:66.16,68.3 1 0
github.com/Rasikrr/learning_platform/api/api.go:69.2,69.17 1 0
github.com/Rasikrr/learning_platform/api/api.go:69.17,71.9 2 0
github.com/Rasikrr/learning_platform/api/api.go:71.9,73.4 1 0
github.com/Rasikrr/learning_platform/api/api.go:75.2,75.12 1 0
github.com/Rasikrr/learning_platform/api/api.go:79.66,88.2 5 0
github.com/Rasikrr/learning_platform/api/api.go:90.63,92.18 2 0
github.com/Rasikrr/learning_platform/api/api.go:92.18,94.3 1 0
github.com/Rasikrr/learning_platform/api/api.go:95.2,96.9 2 0
github.com/Rasikrr/learning_platform/api/api.go:96.9,98.3 1 0
github.com/Rasikrr/learning_platform/api/api.go:99.2,99.15 1 0
github.com/Rasikrr/learning_platform/api/api.go:102.63,108.2 1 0
github.com/Rasikrr/learning_platform/api/models.go:9.53,13.2 1 0
github.com/Rasikrr/learning_platform/api/models_easyjson.go:20.103,22.17 2 0
github.com/Rasikrr/learning_platform/api/models_easyjson.go:22.17,23.17 1 0
github.com/Rasikrr/learning_platform/api/models_easyjson.go:23.17,25.4 1 0
github.com/Rasikrr/learning_platform/api/models_easyjson.go:26.3,27.9 2 0
github.com/Rasikrr/learning_platform/api/models_easyjson.go:29.2,30.23 2 0
github.com/Rasikrr/learning_platform/api/models_easyjson.go:30.23,33.18 3 0
github.com/Rasikrr/learning_platform/api/models_easyjson.go:33.18,36.12 3 0
github.com/Rasikrr/learning_platform/api/models_easyjson.go:38.3,38.14 1 0
github.com/Rasikrr/learning_platform/api/models_easyjson.go:39.17,40.36 1 0
github.com/Rasikrr/learning_platform/api/models_easyjson.go:41.11,42.22 1 0
github.com/Rasikrr/learning_platform/api/models_easyjson.go:44.3,44.17 1 0
github.com/Rasikrr/learning_platform/api/models_easyjson.go:46.2,47.16 2 0
github.com/Rasikrr/learning_platform/api/models_easyjson.go:47.16,49.3 1 0
github.com/Rasikrr/learning_platform/api/models_easyjson.go:51.104,55.2 4 0
github.com/Rasikrr/learning_platform/api/models_easyjson.go:55.2,59.3 3 0
github.com/Rasikrr/learning_platform/api/models_easyjson.go:60.2,60.18 1 0
github.com/Rasikrr/learning_platform/api/models_easyjson.go:64.61,68.2 3 0
github.com/Rasikrr/learning_platform/api/models_easyjson.go:71.66,73.2 1 0
github.com/Rasikrr/learning_platform/api/models_easyjson.go:76.65,80.2 3 0
github.com/Rasikrr/learning_platform/api/models_easyjson.go:83.67,85.2 1 0
github.com/Rasikrr/learning_platform/configs/configs.go:76.30,78.16 2 0
github.com/Rasikrr/learning_platform/configs/configs.go:78.16,80.3 1 0
github.com/Rasikrr/learning_platform/configs/configs.go:82.2,85.13 3 0
github.com/Rasikrr/learning_platform/configs/configs.go:86.19,87.68 1 0
github.com/Rasikrr/learning_platform/configs/configs.go:87.68,89.4 1 0
github.com/Rasikrr/learning_platform/configs/configs.go:90.18,91.69 1 0
github.com/Rasikrr/learning_platform/configs/configs.go:91.69,93.4 1 0
github.com/Rasikrr/learning_platform/configs/configs.go:94.10,95.62 1 0
github.com/Rasikrr/learning_platform/configs/configs.go:97.2,108.16 10 0
github.com/Rasikrr/learning_platform/configs/configs.go:108.16,110.3 1 0
github.com/Rasikrr/learning_platform/configs/configs.go:112.2,126.20 11 0
github.com/Rasikrr/learning_platform/cmd/app/main.go:12.13,18.14 1 0
github.com/Rasikrr/learning_platform/cmd/app/main.go:18.14,20.3 1 0
github.com/Rasikrr/learning_platform/internal/clients/mocks/jdoodle/mock.go:27.57,31.2 3 0
github.com/Rasikrr/learning_platform/internal/clients/mocks/jdoodle/mock.go:34.55,36.2 1 0
github.com/Rasikrr/learning_platform/internal/clients/mocks/jdoodle/mock.go:39.116,45.2 5 0
github.com/Rasikrr/learning_platform/internal/clients/mocks/jdoodle/mock.go:48.90,51.2 2 0
github.com/Rasikrr/learning_platform/internal/clients/mocks/jdoodle/mock.go:54.127,60.2 5 0
github.com/Rasikrr/learning_platform/internal/clients/mocks/jdoodle/mock.go:63.101,66.2 2 0
github.com/Rasikrr/learning_platform/internal/app/app.go:89.53,91.16 2 0
github.com/Rasikrr/learning_platform/internal/app/app.go:91.16,92.13 1 0
github.com/Rasikrr/learning_platform/internal/app/app.go:94.2,108.4 2 0
github.com/Rasikrr/learning_platform/internal/app/app.go:108.4,109.35 1 0
github.com/Rasikrr/learning_platform/internal/app/app.go:109.35,111.4 1 0
github.com/Rasikrr/learning_platform/internal/app/app.go:113.2,113.12 1 0
github.com/Rasikrr/learning_platform/internal/app/app.go:116.57,132.2 15 0
github.com/Rasikrr/learning_platform/internal/app/app.go:134.49,137.2 2 0
github.com/Rasikrr/learning_platform/internal/app/app.go:139.52,143.2 3 0
github.com/Rasikrr/learning_platform/internal/app/app.go:145.52,148.16 3 0
github.com/Rasikrr/learning_platform/internal/app/app.go:148.16,150.3 1 0
github.com/Rasikrr/learning_platform/internal/app/app.go:151.2,152.12 2 0
github.com/Rasikrr/learning_platform/internal/app/app.go:155.50,159.2 3 0
github.com/Rasikrr/learning_platform/internal/app/app.go:161.53,205.2 7 0
github.com/Rasikrr/learning_platform/internal/app/app.go:207.55,217.2 2 0
github.com/Rasikrr/learning_platform/internal/app/app.go:227.48,237.30 7 0
github.com/Rasikrr/learning_platform/internal/app/app.go:237.30,239.3 1 0
github.com/Rasikrr/learning_platform/internal/app/app.go:241.2,241.49 1 0
github.com/Rasikrr/learning_platform/internal/app/app.go:241.49,243.3 1 0
github.com/Rasikrr/learning_platform/internal/app/app.go:244.2,245.12 2 0
github.com/Rasikrr/learning_platform/internal/app/app.go:248.74,256.68 5 0
github.com/Rasikrr/learning_platform/internal/app/app.go:256.68,258.3 1 0
github.com/Rasikrr/learning_platform/internal/app/app.go:259.2,260.10 2 0
github.com/Rasikrr/learning_platform/internal/app/app.go:263.55,266.16 3 0
github.com/Rasikrr/learning_platform/internal/app/app.go:266.16,268.3 1 0
github.com/Rasikrr/learning_platform/internal/app/app.go:269.2,270.12 2 0
github.com/Rasikrr/learning_platform/internal/app/app.go:273.57,278.24 2 0
github.com/Rasikrr/learning_platform/internal/app/app.go:278.24,280.19 2 0
github.com/Rasikrr/learning_platform/internal/app/app.go:280.19,282.28 2 0
github.com/Rasikrr/learning_platform/internal/app/app.go:283.22,284.33 1 0
github.com/Rasikrr/learning_platform/internal/app/app.go:284.33,285.46 1 0
github.com/Rasikrr/learning_platform/internal/app/app.go:285.46,288.7 2 0
github.com/Rasikrr/learning_platform/internal/app/app.go:289.6,289.45 1 0
github.com/Rasikrr/learning_platform/internal/app/app.go:291.41,292.36 1 0
github.com/Rasikrr/learning_platform/internal/app/app.go:292.36,294.6 1 0
github.com/Rasikrr/learning_platform/internal/app/app.go:295.12,296.48 1 0
github.com/Rasikrr/learning_platform/internal/app/app.go:300.2,301.28 2 0
github.com/Rasikrr/learning_platform/internal/cache/auth/cache.go:30.42,34.2 1 0
github.com/Rasikrr/learning_platform/internal/cache/auth/cache.go:36.76,39.16 3 0
github.com/Rasikrr/learning_platform/internal/cache/auth/cache.go:39.16,40.32 1 0
github.com/Rasikrr/learning_platform/internal/cache/auth/cache.go:40.32,42.4 1 0
github.com/Rasikrr/learning_platform/internal/cache/auth/cache.go:43.3,43.17 1 0
github.com/Rasikrr/learning_platform/internal/cache/auth/cache.go:45.2,46.9 2 0
github.com/Rasikrr/learning_platform/internal/cache/auth/cache.go:46.9,48.3 1 0
github.com/Rasikrr/learning_platform/internal/cache/auth/cache.go:49.2,49.17 1 0
github.com/Rasikrr/learning_platform/internal/cache/auth/cache.go:52.79,55.2 2 0
github.com/Rasikrr/learning_platform/internal/cache/auth/cache.go:57.84,60.16 3 0
github.com/Rasikrr/learning_platform/internal/cache/auth/cache.go:60.16,61.32 1 0
github.com/Rasikrr/learning_platform/internal/cache/auth/cache.go:61.32,63.4 1 0
github.com/Rasikrr/learning_platform/internal/cache/auth/cache.go:64.3,64.17 1 0
github.com/Rasikrr/learning_platform/internal/cache/auth/cache.go:66.2,67.9 2 0
github.com/Rasikrr/learning_platform/internal/cache/auth/cache.go:67.9,69.3 1 0
github.com/Rasikrr/learning_platform/internal/cache/auth/cache.go:70.2,70.17 1 0
github.com/Rasikrr/learning_platform/internal/cache/auth/cache.go:73.95,76.2 2 0
github.com/Rasikrr/learning_platform/internal/cache/auth/cache.go:78.51,80.2 1 0
github.com/Rasikrr/learning_platform/internal/cache/common.go:25.54,29.2 1 0
github.com/Rasikrr/learning_platform/internal/cache/common.go:31.72,33.16 2 0
github.com/Rasikrr/learning_platform/internal/cache/common.go:33.16,34.32 1 0
github.com/Rasikrr/learning_platform/internal/cache/common.go:34.32,36.4 1 0
github.com/Rasikrr/learning_platform/internal/cache/common.go:37.3,37.18 1 0
github.com/Rasikrr/learning_platform/internal/cache/common.go:39.2,39.17 1 0
github.com/Rasikrr/learning_platform/internal/cache/common.go:42.76,44.2 1 0
github.com/Rasikrr/learning_platform/internal/cache/common.go:46.116,48.2 1 0
github.com/Rasikrr/learning_platform/internal/cache/common.go:50.68,52.2 1 0
github.com/Rasikrr/learning_platform/internal/cache/common.go:54.87,56.2 1 0
github.com/Rasikrr/learning_platform/internal/databases/postgres.go:18.79,20.16 2 0
github.com/Rasikrr/learning_platform/internal/databases/postgres.go:20.16,22.3 1 0
github.com/Rasikrr/learning_platform/internal/databases/postgres.go:23.2,28.16 6 0
github.com/Rasikrr/learning_platform/internal/databases/postgres.go:28.16,30.3 1 0
github.com/Rasikrr/learning_platform/internal/databases/postgres.go:31.2,31.38 1 0
github.com/Rasikrr/learning_platform/internal/databases/postgres.go:31.38,33.3 1 0
github.com/Rasikrr/learning_platform/internal/databases/postgres.go:34.2,36.8 1 0
github.com/Rasikrr/learning_platform/internal/databases/postgres.go:39.41,41.2 1 0
github.com/Rasikrr/learning_platform/internal/databases/postgres.go:43.90,45.15 2 0
github.com/Rasikrr/learning_platform/internal/databases/postgres.go:45.15,48.3 2 0
github.com/Rasikrr/learning_platform/internal/databases/postgres.go:49.2,49.40 1 0
github.com/Rasikrr/learning_platform/internal/databases/postgres.go:52.98,54.15 2 0
github.com/Rasikrr/learning_platform/internal/databases/postgres.go:54.15,57.3 2 0
github.com/Rasikrr/learning_platform/internal/databases/postgres.go:58.2,58.39 1 0
github.com/Rasikrr/learning_platform/internal/databases/postgres.go:61.83,63.15 2 0
github.com/Rasikrr/learning_platform/internal/databases/postgres.go:63.15,66.3 2 0
github.com/Rasikrr/learning_platform/internal/databases/postgres.go:67.2,67.43 1 0
github.com/Rasikrr/learning_platform/internal/databases/postgres.go:70.90,72.15 2 0
github.com/Rasikrr/learning_platform/internal/databases/postgres.go:72.15,75.3 2 0
github.com/Rasikrr/learning_platform/internal/databases/postgres.go:76.2,76.39 1 0
github.com/Rasikrr/learning_platform/internal/databases/postgres.go:79.63,81.15 2 0
github.com/Rasikrr/learning_platform/internal/databases/postgres.go:81.15,84.3 2 0
github.com/Rasikrr/learning_platform/internal/databases/postgres.go:85.2,85.26 1 0
github.com/Rasikrr/learning_platform/internal/databases/postgres.go:88.140,90.15 2 0
github.com/Rasikrr/learning_platform/internal/databases/postgres.go:90.15,93.3 2 0
github.com/Rasikrr/learning_platform/internal/databases/postgres.go:94.2,94.61 1 0
github.com/Rasikrr/learning_platform/internal/databases/postgres.go:97.82,99.15 2 0
github.com/Rasikrr/learning_platform/internal/databases/postgres.go:99.15,102.3 2 0
github.com/Rasikrr/learning_platform/internal/databases/postgres.go:103.2,103.33 1 0
github.com/Rasikrr/learning_platform/internal/databases/postgres.go:106.28,109.2 2 0
github.com/Rasikrr/learning_platform/internal/databases/redis.go:10.80,21.47 4 0
github.com/Rasikrr/learning_platform/internal/databases/redis.go:21.47,23.3 1 0
github.com/Rasikrr/learning_platform/internal/databases/redis.go:24.2,24.20 1 0
github.com/Rasikrr/learning_platform/internal/domain/enum/account_role.go:11.55,12.29 1 0
github.com/Rasikrr/learning_platform/internal/domain/enum/account_role.go:12.29,13.16 1 0
github.com/Rasikrr/learning_platform/internal/domain/enum/account_role.go:13.16,15.4 1 0
github.com/Rasikrr/learning_platform/internal/domain/enum/account_role.go:17.2,17.14 1 0
github.com/Rasikrr/learning_platform/internal/domain/enum/account_role_enumer.go:17.38,18.48 1 0
github.com/Rasikrr/learning_platform/internal/domain/enum/account_role_enumer.go:18.48,20.3 1 0
github.com/Rasikrr/learning_platform/internal/domain/enum/account_role_enumer.go:21.2,21.70 1 0
github.com/Rasikrr/learning_platform/internal/domain/enum/account_role_enumer.go:26.25,30.2 3 0
github.com/Rasikrr/learning_platform/internal/domain/enum/account_role_enumer.go:48.55,49.50 1 0
github.com/Rasikrr/learning_platform/internal/domain/enum/account_role_enumer.go:49.50,51.3 1 0
github.com/Rasikrr/learning_platform/internal/domain/enum/account_role_enumer.go:53.2,53.67 1 0
github.com/Rasikrr/learning_platform/internal/domain/enum/account_role_enumer.go:53.67,55.3 1 0
github.com/Rasikrr/learning_platform/internal/domain/enum/account_role_enumer.go:56.2,56.69 1 0
github.com/Rasikrr/learning_platform/internal/domain/enum/account_role_enumer.go:60.40,62.2 1 0
github.com/Rasikrr/learning_platform/internal/domain/enum/account_role_enumer.go:65.36,69.2 3 0
github.com/Rasikrr/learning_platform/internal/domain/enum/account_role_enumer.go:72.44,73.39 1 0
github.com/Rasikrr/learning_platform/internal/domain/enum/account_role_enumer.go:73.39,74.13 1 0
github.com/Rasikrr/learning_platform/internal/domain/enum/account_role_enumer.go:74.13,76.4 1 0
github.com/Rasikrr/learning_platform/internal/domain/enum/account_role_enumer.go:78.2,78.14 1 0
github.com/Rasikrr/learning_platform/internal/domain/enum/account_role_enumer.go:82.52,84.2 1 0
github.com/Rasikrr/learning_platform/internal/domain/enum/account_role_enumer.go:87.56,89.49 2 0
github.com/Rasikrr/learning_platform/internal/domain/enum/account_role_enumer.go:89.49,91.3 1 0
github.com/Rasikrr/learning_platform/internal/domain/enum/account_role_enumer.go:93.2,95.12 3 0
github.com/Rasikrr/learning_platform/internal/domain/enum/course_progress_enumer.go:17.41,18.54 1 0
github.com/Rasikrr/learning_platform/internal/domain/enum/course_progress_enumer.go:18.54,20.3 1 0
github.com/Rasikrr/learning_platform/internal/domain/enum/course_progress_enumer.go:21.2,21.79 1 0
github.com/Rasikrr/learning_platform/internal/domain/enum/course_progress_enumer.go:26.28,30.2 3 0
github.com/Rasikrr/learning_platform/internal/domain/enum/course_progress_enumer.go:48.61,49.53 1 0
github.com/Rasikrr/learning_platform/internal/domain/enum/course_progress_enumer.go:49.53,51.3 1 0
github.com/Rasikrr/learning_platform/internal/domain/enum/course_progress_enumer.go:53.2,53.70 1 0
github.com/Rasikrr/learning_platform/internal/domain/enum/course_progress_enumer.go:53.70,55.3 1 0
github.com/Rasikrr/learning_platform/internal/domain/enum/course_progress_enumer.go:56.2,56.72 1 0
github.com/Rasikrr/learning_platform/internal/domain/enum/course_progress_enumer.go:60.46,62.2 1 0
github.com/Rasikrr/learning_platform/internal/domain/enum/course_progress_enumer.go:65.39,69.2 3 0
github.com/Rasikrr/learning_platform/internal/domain/enum/course_progress_enumer.go:72.50,73.42 1 0
github.com/Rasikrr/learning_platform/internal/domain/enum/course_progress_enumer.go:73.42,74.13 1 0
github.com/Rasikrr/learning_platform/internal/domain/enum/course_progress_enumer.go:74.13,76.4 1 0
github.com/Rasikrr/learning_platform/internal/domain/enum/course_progress_enumer.go:78.2,78.14 1 0
github.com/Rasikrr/learning_platform/internal/domain/enum/course_progress_enumer.go:82.55,84.2 1 0
github.com/Rasikrr/learning_platform/internal/domain/enum/course_progress_enumer.go:87.59,89.49 2 0
github.com/Rasikrr/learning_platform/internal/domain/enum/course_progress_enumer.go:89.49,91.3 1 0
github.com/Rasikrr/learning_platform/internal/domain/enum/course_progress_enumer.go:93.2,95.12 3 0
github.com/Rasikrr/learning_platform/internal/domain/enum/difficulty_enumer.go:17.37,18.46 1 0
github.com/Rasikrr/learning_platform/internal/domain/enum/difficulty_enumer.go:18.46,20.3 1 0
github.com/Rasikrr/learning_platform/internal/domain/enum/difficulty_enumer.go:21.2,21.67 1 0
github.com/Rasikrr/learning_platform/internal/domain/enum/difficulty_enumer.go:26.24,31.2 4 0
github.com/Rasikrr/learning_platform/internal/domain/enum/difficulty_enumer.go:52.53,53.49 1 0
github.com/Rasikrr/learning_platform/internal/domain/enum/difficulty_enumer.go:53.49,55.3 1 0
github.com/Rasikrr/learning_platform/internal/domain/enum/difficulty_enumer.go:57.2,57.66 1 0
github.com/Rasikrr/learning_platform/internal/domain/enum/difficulty_enumer.go:57.66,59.3 1 0
github.com/Rasikrr/learning_platform/internal/domain/enum/difficulty_enumer.go:60.2,60.68 1 0
github.com/Rasikrr/learning_platform/internal/domain/enum/difficulty_enumer.go:64.38,66.2 1 0
github.com/Rasikrr/learning_platform/internal/domain/enum/difficulty_enumer.go:69.35,73.2 3 0
github.com/Rasikrr/learning_platform/internal/domain/enum/difficulty_enumer.go:76.42,77.38 1 0
github.com/Rasikrr/learning_platform/internal/domain/enum/difficulty_enumer.go:77.38,78.13 1 0
github.com/Rasikrr/learning_platform/internal/domain/enum/difficulty_enumer.go:78.13,80.4 1 0
github.com/Rasikrr/learning_platform/internal/domain/enum/difficulty_enumer.go:82.2,82.14 1 0
github.com/Rasikrr/learning_platform/internal/domain/enum/difficulty_enumer.go:86.51,88.2 1 0
github.com/Rasikrr/learning_platform/internal/domain/enum/difficulty_enumer.go:91.55,93.49 2 0
github.com/Rasikrr/learning_platform/internal/domain/enum/difficulty_enumer.go:93.49,95.3 1 0
github.com/Rasikrr/learning_platform/internal/domain/enum/difficulty_enumer.go:97.2,99.12 3 0
github.com/Rasikrr/learning_platform/internal/domain/enum/programming_language_enumer.go:17.46,18.64 1 0
github.com/Rasikrr/learning_platform/internal/domain/enum/programming_language_enumer.go:18.64,20.3 1 0
github.com/Rasikrr/learning_platform/internal/domain/enum/programming_language_enumer.go:21.2,21.94 1 0
github.com/Rasikrr/learning_platform/internal/domain/enum/programming_language_enumer.go:26.33,35.2 8 0
github.com/Rasikrr/learning_platform/internal/domain/enum/programming_language_enumer.go:68.71,69.58 1 0
github.com/Rasikrr/learning_platform/internal/domain/enum/programming_language_enumer.go:69.58,71.3 1 0
github.com/Rasikrr/learning_platform/internal/domain/enum/programming_language_enumer.go:73.2,73.75 1 0
github.com/Rasikrr/learning_platform/internal/domain/enum/programming_language_enumer.go:73.75,75.3 1 0
github.com/Rasikrr/learning_platform/internal/domain/enum/programming_language_enumer.go:76.2,76.77 1 0
github.com/Rasikrr/learning_platform/internal/domain/enum/programming_language_enumer.go:80.56,82.2 1 0
github.com/Rasikrr/learning_platform/internal/domain/enum/programming_language_enumer.go:85.44,89.2 3 0
github.com/Rasikrr/learning_platform/internal/domain/enum/programming_language_enumer.go:92.60,93.47 1 0
github.com/Rasikrr/learning_platform/internal/domain/enum/programming_language_enumer.go:93.47,94.13 1 0
github.com/Rasikrr/learning_platform/internal/domain/enum/programming_language_enumer.go:94.13,96.4 1 0
github.com/Rasikrr/learning_platform/internal/domain/enum/programming_language_enumer.go:98.2,98.14 1 0
github.com/Rasikrr/learning_platform/internal/domain/enum/programming_language_enumer.go:102.60,104.2 1 0
github.com/Rasikrr/learning_platform/internal/domain/enum/programming_language_enumer.go:107.64,109.49 2 0
github.com/Rasikrr/learning_platform/internal/domain/enum/programming_language_enumer.go:109.49,111.3 1 0
github.com/Rasikrr/learning_platform/internal/domain/enum/programming_language_enumer.go:113.2,115.12 3 0
github.com/Rasikrr/learning_platform/internal/domain/entity/auth.go:21.76,22.15 1 0
github.com/Rasikrr/learning_platform/internal/domain/entity/auth.go:22.15,31.3 1 0
github.com/Rasikrr/learning_platform/internal/domain/entity/auth.go:32.2,41.3 1 0
github.com/Rasikrr/learning_platform/internal/domain/entity/course_easyjson.go:20.118,22.17 2 0
github.com/Rasikrr/learning_platform/internal/domain/entity/course_easyjson.go:22.17,23.17 1 0
github.com/Rasikrr/learning_platform/internal/domain/entity/course_easyjson.go:23.17,25.4 1 0
github.com/Rasikrr/learning_platform/internal/domain/entity/course_easyjson.go:26.3,27.9 2 0
github.com/Rasikrr/learning_platform/internal/domain/entity/course_easyjson.go:29.2,30.23 2 0
github.com/Rasikrr/learning_platform/internal/domain/entity/course_easyjson.go:30.23,33.18 3 0
github.com/Rasikrr/learning_platform/internal/domain/entity/course_easyjson.go:33.18,36.12 3 0
github.com/Rasikrr/learning_platform/internal/domain/entity/course_easyjson.go:38.3,38.14 1 0
github.com/Rasikrr/learning_platform/internal/domain/entity/course_easyjson.go:39.13,40.41 1 0
github.com/Rasikrr/learning_platform/internal/domain/entity/course_easyjson.go:40.41,42.5 1 0
github.com/Rasikrr/learning_platform/internal/domain/entity/course_easyjson.go:43.19,44.41 1 0
github.com/Rasikrr/learning_platform/internal/domain/entity/course_easyjson.go:44.41,46.5 1 0
github.com/Rasikrr/learning_platform/internal/domain/entity/course_easyjson.go:47.18,48.37 1 0
github.com/Rasikrr/learning_platform/internal/domain/entity/course_easyjson.go:49.31,50.19 1 0
github.com/Rasikrr/learning_platform/internal/domain/entity/course_easyjson.go:50.19,53.5 2 0
github.com/Rasikrr/learning_platform/internal/domain/entity/course_easyjson.go:53.10,55.39 2 0
github.com/Rasikrr/learning_platform/internal/domain/entity/course_easyjson.go:55.39,56.26 1 0
github.com/Rasikrr/learning_platform/internal/domain/entity/course_easyjson.go:56.26,58.7 1 0
github.com/Rasikrr/learning_platform/internal/domain/entity/course_easyjson.go:58.12,60.7 1 0
github.com/Rasikrr/learning_platform/internal/domain/entity/course_easyjson.go:61.11,63.6 1 0
github.com/Rasikrr/learning_platform/internal/domain/entity/course_easyjson.go:64.5,64.26 1 0
github.com/Rasikrr/learning_platform/internal/domain/entity/course_easyjson.go:64.26,69.6 4 0
github.com/Rasikrr/learning_platform/internal/domain/entity/course_easyjson.go:70.5,70.18 1 0
github.com/Rasikrr/learning_platform/internal/domain/entity/course_easyjson.go:72.21,73.19 1 0
github.com/Rasikrr/learning_platform/internal/domain/entity/course_easyjson.go:73.19,76.5 2 0
github.com/Rasikrr/learning_platform/internal/domain/entity/course_easyjson.go:76.10,78.29 2 0
github.com/Rasikrr/learning_platform/internal/domain/entity/course_easyjson.go:78.29,79.26 1 0
github.com/Rasikrr/learning_platform/internal/domain/entity/course_easyjson.go:79.26,81.7 1 0
github.com/Rasikrr/learning_platform/internal/domain/entity/course_easyjson.go:81.12,83.7 1 0
github.com/Rasikrr/learning_platform/internal/domain/entity/course_easyjson.go:84.11,86.6 1 0
github.com/Rasikrr/learning_platform/internal/domain/entity/course_easyjson.go:87.5,87.26 1 0
github.com/Rasikrr/learning_platform/internal/domain/entity/course_easyjson.go:87.26,92.6 4 0
github.com/Rasikrr/learning_platform/internal/domain/entity/course_easyjson.go:93.5,93.18 1 0
github.com/Rasikrr/learning_platform/internal/domain/entity/course_easyjson.go:95.21,96.19 1 0
github.com/Rasikrr/learning_platform/internal/domain/entity/course_easyjson.go:96.19,99.5 2 0
github.com/Rasikrr/learning_platform/internal/domain/entity/course_easyjson.go:99.10,101.29 2 0
github.com/Rasikrr/learning_platform/internal/domain/entity/course_easyjson.go:101.29,102.26 1 0
github.com/Rasikrr/learning_platform/internal/domain/entity/course_easyjson.go:102.26,104.7 1 0
github.com/Rasikrr/learning_platform/internal/domain/entity/course_easyjson.go:104.12,106.7 1 0
github.com/Rasikrr/learning_platform/internal/domain/entity/course_easyjson.go:107.11,109.6 1 0
github.com/Rasikrr/learning_platform/internal/domain/entity/course_easyjson.go:110.5,110.26 1 0
github.com/Rasikrr/learning_platform/internal/domain/entity/course_easyjson.go:110.26,115.6 4 0
github.com/Rasikrr/learning_platform/internal/domain/entity/course_easyjson.go:116.5,116.18 1 0
github.com/Rasikrr/learning_platform/internal/domain/entity/course_easyjson.go:118.21,119.33 1 0
github.com/Rasikrr/learning_platform/internal/domain/entity/course_easyjson.go:119.33,121.5 1 0
github.com/Rasikrr/learning_platform/internal/domain/entity/course_easyjson.go:122.21,123.33 1 0
github.com/Rasikrr/learning_platform/internal/domain/entity/course_easyjson.go:123.33,125.5 1 0
github.com/Rasikrr/learning_platform/internal/domain/entity/course_easyjson.go:126.11,127.22 1 0
github.com/Rasikrr/learning_platform/internal/domain/entity/course_easyjson.go:129.3,129.17 1 0
github.com/Rasikrr/learning_platform/internal/domain/entity/course_easyjson.go:131.2,132.16 2 0
github.com/Rasikrr/learning_platform/internal/domain/entity/course_easyjson.go:132.16,134.3 1 0
github.com/Rasikrr/learning_platform/internal/domain/entity/course_easyjson.go:136.119,140.2 4 0
github.com/Rasikrr/learning_platform/internal/domain/entity/course_easyjson.go:140.2,144.3 3 0
github.com/Rasikrr/learning_platform/internal/domain/entity/course_easyjson.go:145.2,149.3 3 0
github.com/Rasikrr/learning_platform/internal/domain/entity/course_easyjson.go:150.2,154.3 3 0
github.com/Rasikrr/learning_platform/internal/domain/entity/course_easyjson.go:155.2,158.80 3 0
github.com/Rasikrr/learning_platform/internal/domain/entity/course_easyjson.go:158.80,160.4 1 0
github.com/Rasikrr/learning_platform/internal/domain/entity/course_easyjson.go:160.9,162.47 2 0
github.com/Rasikrr/learning_platform/internal/domain/entity/course_easyjson.go:162.47,163.15 1 0
github.com/Rasikrr/learning_platform/internal/domain/entity/course_easyjson.go:163.15,165.6 1 0
github.com/Rasikrr/learning_platform/internal/domain/entity/course_easyjson.go:166.5,166.27 1 0
github.com/Rasikrr/learning_platform/internal/domain/entity/course_easyjson.go:168.4,168.20 1 0
github.com/Rasikrr/learning_platform/internal/domain/entity/course_easyjson.go:171.2,174.70 3 0
github.com/Rasikrr/learning_platform/internal/domain/entity/course_easyjson.go:174.70,176.4 1 0
github.com/Rasikrr/learning_platform/internal/domain/entity/course_easyjson.go:176.9,178.37 2 0
github.com/Rasikrr/learning_platform/internal/domain/entity/course_easyjson.go:178.37,179.15 1 0
github.com/Rasikrr/learning_platform/internal/domain/entity/course_easyjson.go:179.15,181.6 1 0
github.com/Rasikrr/learning_platform/internal/domain/entity/course_easyjson.go:182.5,182.27 1 0
github.com/Rasikrr/learning_platform/internal/domain/entity/course_easyjson.go:184.4,184.20 1 0
github.com/Rasikrr/learning_platform/internal/domain/entity/course_easyjson.go:187.2,190.70 3 0
github.com/Rasikrr/learning_platform/internal/domain/entity/course_easyjson.go:190.70,192.4 1 0
github.com/Rasikrr/learning_platform/internal/domain/entity/course_easyjson.go:192.9,194.37 2 0
github.com/Rasikrr/learning_platform/internal/domain/entity/course_easyjson.go:194.37,195.15 1 0
github.com/Rasikrr/learning_platform/internal/domain/entity/course_easyjson.go:195.15,197.6 1 0
github.com/Rasikrr/learning_platform/internal/domain/entity/course_easyjson.go:198.5,198.27 1 0
github.com/Rasikrr/learning_platform/internal/domain/entity/course_easyjson.go:200.4,200.20 1 0
github.com/Rasikrr/learning_platform/internal/domain/entity/course_easyjson.go:203.2,207.3 3 0
github.com/Rasikrr/learning_platform/internal/domain/entity/course_easyjson.go:208.2,212.3 3 0
github.com/Rasikrr/learning_platform/internal/domain/entity/course_easyjson.go:213.2,213.18 1 0
github.com/Rasikrr/learning_platform/internal/domain/entity/course_easyjson.go:217.53,221.2 3 0
github.com/Rasikrr/learning_platform/internal/domain/entity/course_easyjson.go:224.58,226.2 1 0
github.com/Rasikrr/learning_platform/internal/domain/entity/course_easyjson.go:229.57,233.2 3 0
github.com/Rasikrr/learning_platform/internal/domain/entity/course_easyjson.go:236.59,238.2 1 0
github.com/Rasikrr/learning_platform/internal/domain/entity/course_easyjson.go:239.112,241.17 2 0
github.com/Rasikrr/learning_platform/internal/domain/entity/course_easyjson.go:241.17,242.17 1 0
github.com/Rasikrr/learning_platform/internal/domain/entity/course_easyjson.go:242.17,244.4 1 0
github.com/Rasikrr/learning_platform/internal/domain/entity/course_easyjson.go:245.3,246.9 2 0
github.com/Rasikrr/learning_platform/internal/domain/entity/course_easyjson.go:248.2,249.23 2 0
github.com/Rasikrr/learning_platform/internal/domain/entity/course_easyjson.go:249.23,252.18 3 0
github.com/Rasikrr/learning_platform/internal/domain/entity/course_easyjson.go:252.18,255.12 3 0
github.com/Rasikrr/learning_platform/internal/domain/entity/course_easyjson.go:257.3,257.14 1 0
github.com/Rasikrr/learning_platform/internal/domain/entity/course_easyjson.go:258.13,259.41 1 0
github.com/Rasikrr/learning_platform/internal/domain/entity/course_easyjson.go:259.41,261.5 1 0
github.com/Rasikrr/learning_platform/internal/domain/entity/course_easyjson.go:262.20,263.41 1 0
github.com/Rasikrr/learning_platform/internal/domain/entity/course_easyjson.go:263.41,265.5 1 0
github.com/Rasikrr/learning_platform/internal/domain/entity/course_easyjson.go:266.16,267.35 1 0
github.com/Rasikrr/learning_platform/internal/domain/entity/course_easyjson.go:268.22,269.41 1 0
github.com/Rasikrr/learning_platform/internal/domain/entity/course_easyjson.go:270.18,271.19 1 0
github.com/Rasikrr/learning_platform/internal/domain/entity/course_easyjson.go:271.19,274.5 2 0
github.com/Rasikrr/learning_platform/internal/domain/entity/course_easyjson.go:274.10,275.27 1 0
github.com/Rasikrr/learning_platform/internal/domain/entity/course_easyjson.go:275.27,277.6 1 0
github.com/Rasikrr/learning_platform/internal/domain/entity/course_easyjson.go:278.5,278.41 1 0
github.com/Rasikrr/learning_platform/internal/domain/entity/course_easyjson.go:280.22,281.19 1 0
github.com/Rasikrr/learning_platform/internal/domain/entity/course_easyjson.go:281.19,284.5 2 0
github.com/Rasikrr/learning_platform/internal/domain/entity/course_easyjson.go:284.10,286.27 2 0
github.com/Rasikrr/learning_platform/internal/domain/entity/course_easyjson.go:286.27,287.26 1 0
github.com/Rasikrr/learning_platform/internal/domain/entity/course_easyjson.go:287.26,289.7 1 0
github.com/Rasikrr/learning_platform/internal/domain/entity/course_easyjson.go:289.12,291.7 1 0
github.com/Rasikrr/learning_platform/internal/domain/entity/course_easyjson.go:292.11,294.6 1 0
github.com/Rasikrr/learning_platform/internal/domain/entity/course_easyjson.go:295.5,295.26 1 0
github.com/Rasikrr/learning_platform/internal/domain/entity/course_easyjson.go:295.26,297.21 2 0
github.com/Rasikrr/learning_platform/internal/domain/entity/course_easyjson.go:297.21,300.7 2 0
github.com/Rasikrr/learning_platform/internal/domain/entity/course_easyjson.go:300.12,301.21 1 0
github.com/Rasikrr/learning_platform/internal/domain/entity/course_easyjson.go:301.21,303.8 1 0
github.com/Rasikrr/learning_platform/internal/domain/entity/course_easyjson.go:304.7,304.35 1 0
github.com/Rasikrr/learning_platform/internal/domain/entity/course_easyjson.go:306.6,307.20 2 0
github.com/Rasikrr/learning_platform/internal/domain/entity/course_easyjson.go:309.5,309.18 1 0
github.com/Rasikrr/learning_platform/internal/domain/entity/course_easyjson.go:311.26,312.19 1 0
github.com/Rasikrr/learning_platform/internal/domain/entity/course_easyjson.go:312.19,315.5 2 0
github.com/Rasikrr/learning_platform/internal/domain/entity/course_easyjson.go:315.10,317.34 2 0
github.com/Rasikrr/learning_platform/internal/domain/entity/course_easyjson.go:317.34,318.26 1 0
github.com/Rasikrr/learning_platform/internal/domain/entity/course_easyjson.go:318.26,320.7 1 0
github.com/Rasikrr/learning_platform/internal/domain/entity/course_easyjson.go:320.12,322.7 1 0
github.com/Rasikrr/learning_platform/internal/domain/entity/course_easyjson.go:323.11,325.6 1 0
github.com/Rasikrr/learning_platform/internal/domain/entity/course_easyjson.go:326.5,326.26 1 0
github.com/Rasikrr/learning_platform/internal/domain/entity/course_easyjson.go:326.26,328.21 2 0
github.com/Rasikrr/learning_platform/internal/domain/entity/course_easyjson.go:328.21,331.7 2 0
github.com/Rasikrr/learning_platform/internal/domain/entity/course_easyjson.go:331.12,332.21 1 0
github.com/Rasikrr/learning_platform/internal/domain/entity/course_easyjson.go:332.21,334.8 1 0
github.com/Rasikrr/learning_platform/internal/domain/entity/course_easyjson.go:335.7,335.35 1 0
github.com/Rasikrr/learning_platform/internal/domain/entity/course_easyjson.go:337.6,338.20 2 0
github.com/Rasikrr/learning_platform/internal/domain/entity/course_easyjson.go:340.5,340.18 1 0
github.com/Rasikrr/learning_platform/internal/domain/entity/course_easyjson.go:342.23,343.35 1 0
github.com/Rasikrr/learning_platform/internal/domain/entity/course_easyjson.go:344.21,345.33 1 0
github.com/Rasikrr/learning_platform/internal/domain/entity/course_easyjson.go:345.33,347.5 1 0
github.com/Rasikrr/learning_platform/internal/domain/entity/course_easyjson.go:348.21,349.33 1 0
github.com/Rasikrr/learning_platform/internal/domain/entity/course_easyjson.go:349.33,351.5 1 0
github.com/Rasikrr/learning_platform/internal/domain/entity/course_easyjson.go:352.11,353.22 1 0
github.com/Rasikrr/learning_platform/internal/domain/entity/course_easyjson.go:355.3,355.17 1 0
github.com/Rasikrr/learning_platform/internal/domain/entity/course_easyjson.go:357.2,358.16 2 0
github.com/Rasikrr/learning_platform/internal/domain/entity/course_easyjson.go:358.16,360.3 1 0
github.com/Rasikrr/learning_platform/internal/domain/entity/course_easyjson.go:362.113,366.2 4 0
github.com/Rasikrr/learning_platform/internal/domain/entity/course_easyjson.go:366.2,370.3 3 0
github.com/Rasikrr/learning_platform/internal/domain/entity/course_easyjson.go:371.2,375.3 3 0
github.com/Rasikrr/learning_platform/internal/domain/entity/course_easyjson.go:376.2,380.3 3 0
github.com/Rasikrr/learning_platform/internal/domain/entity/course_easyjson.go:381.2,385.3 3 0
github.com/Rasikrr/learning_platform/internal/domain/entity/course_easyjson.go:386.2,386.23 1 0
github.com/Rasikrr/learning_platform/internal/domain/entity/course_easyjson.go:386.23,390.3 3 0
github.com/Rasikrr/learning_platform/internal/domain/entity/course_easyjson.go:391.2,391.26 1 0
github.com/Rasikrr/learning_platform/internal/domain/entity/course_easyjson.go:391.26,394.3 3 0
github.com/Rasikrr/learning_platform/internal/domain/entity/course_easyjson.go:394.3,396.37 2 0
github.com/Rasikrr/learning_platform/internal/domain/entity/course_easyjson.go:396.37,397.16 1 0
github.com/Rasikrr/learning_platform/internal/domain/entity/course_easyjson.go:397.16,399.6 1 0
github.com/Rasikrr/learning_platform/internal/domain/entity/course_easyjson.go:400.5,400.19 1 0
github.com/Rasikrr/learning_platform/internal/domain/entity/course_easyjson.go:400.19,402.6 1 0
github.com/Rasikrr/learning_platform/internal/domain/entity/course_easyjson.go:402.11,404.6 1 0
github.com/Rasikrr/learning_platform/internal/domain/entity/course_easyjson.go:406.4,406.20 1 0
github.com/Rasikrr/learning_platform/internal/domain/entity/course_easyjson.go:409.2,409.33 1 0
github.com/Rasikrr/learning_platform/internal/domain/entity/course_easyjson.go:409.33,412.3 3 0
github.com/Rasikrr/learning_platform/internal/domain/entity/course_easyjson.go:412.3,414.44 2 0
github.com/Rasikrr/learning_platform/internal/domain/entity/course_easyjson.go:414.44,415.16 1 0
github.com/Rasikrr/learning_platform/internal/domain/entity/course_easyjson.go:415.16,417.6 1 0
github.com/Rasikrr/learning_platform/internal/domain/entity/course_easyjson.go:418.5,418.19 1 0
github.com/Rasikrr/learning_platform/internal/domain/entity/course_easyjson.go:418.19,420.6 1 0
github.com/Rasikrr/learning_platform/internal/domain/entity/course_easyjson.go:420.11,422.6 1 0
github.com/Rasikrr/learning_platform/internal/domain/entity/course_easyjson.go:424.4,424.20 1 0
github.com/Rasikrr/learning_platform/internal/domain/entity/course_easyjson.go:427.2,431.3 3 0
github.com/Rasikrr/learning_platform/internal/domain/entity/course_easyjson.go:432.2,436.3 3 0
github.com/Rasikrr/learning_platform/internal/domain/entity/course_easyjson.go:437.2,441.3 3 0
github.com/Rasikrr/learning_platform/internal/domain/entity/course_easyjson.go:442.2,442.18 1 0
github.com/Rasikrr/learning_platform/internal/domain/entity/course_easyjson.go:446.46,450.2 3 0
github.com/Rasikrr/learning_platform/internal/domain/entity/course_easyjson.go:453.51,455.2 1 0
github.com/Rasikrr/learning_platform/internal/domain/entity/course_easyjson.go:458.50,462.2 3 0
github.com/Rasikrr/learning_platform/internal/domain/entity/course_easyjson.go:465.52,467.2 1 0
github.com/Rasikrr/learning_platform/internal/domain/entity/course_easyjson.go:468.111,470.17 2 0
github.com/Rasikrr/learning_platform/internal/domain/entity/course_easyjson.go:470.17,471.17 1 0
github.com/Rasikrr/learning_platform/internal/domain/entity/course_easyjson.go:471.17,473.4 1 0
github.com/Rasikrr/learning_platform/internal/domain/entity/course_easyjson.go:474.3,475.9 2 0
github.com/Rasikrr/learning_platform/internal/domain/entity/course_easyjson.go:477.2,478.23 2 0
github.com/Rasikrr/learning_platform/internal/domain/entity/course_easyjson.go:478.23,481.18 3 0
github.com/Rasikrr/learning_platform/internal/domain/entity/course_easyjson.go:481.18,484.12 3 0
github.com/Rasikrr/learning_platform/internal/domain/entity/course_easyjson.go:486.3,486.14 1 0
github.com/Rasikrr/learning_platform/internal/domain/entity/course_easyjson.go:487.13,488.41 1 0
github.com/Rasikrr/learning_platform/internal/domain/entity/course_easyjson.go:488.41,490.5 1 0
github.com/Rasikrr/learning_platform/internal/domain/entity/course_easyjson.go:491.19,492.41 1 0
github.com/Rasikrr/learning_platform/internal/domain/entity/course_easyjson.go:492.41,494.5 1 0
github.com/Rasikrr/learning_platform/internal/domain/entity/course_easyjson.go:495.19,496.38 1 0
github.com/Rasikrr/learning_platform/internal/domain/entity/course_easyjson.go:497.18,498.19 1 0
github.com/Rasikrr/learning_platform/internal/domain/entity/course_easyjson.go:498.19,501.5 2 0
github.com/Rasikrr/learning_platform/internal/domain/entity/course_easyjson.go:501.10,503.27 2 0
github.com/Rasikrr/learning_platform/internal/domain/entity/course_easyjson.go:503.27,504.26 1 0
github.com/Rasikrr/learning_platform/internal/domain/entity/course_easyjson.go:504.26,506.7 1 0
github.com/Rasikrr/learning_platform/internal/domain/entity/course_easyjson.go:506.12,508.7 1 0
github.com/Rasikrr/learning_platform/internal/domain/entity/course_easyjson.go:509.11,511.6 1 0
github.com/Rasikrr/learning_platform/internal/domain/entity/course_easyjson.go:512.5,512.26 1 0
github.com/Rasikrr/learning_platform/internal/domain/entity/course_easyjson.go:512.26,517.6 4 0
github.com/Rasikrr/learning_platform/internal/domain/entity/course_easyjson.go:518.5,518.18 1 0
github.com/Rasikrr/learning_platform/internal/domain/entity/course_easyjson.go:520.26,521.19 1 0
github.com/Rasikrr/learning_platform/internal/domain/entity/course_easyjson.go:521.19,524.5 2 0
github.com/Rasikrr/learning_platform/internal/domain/entity/course_easyjson.go:524.10,526.34 2 0
github.com/Rasikrr/learning_platform/internal/domain/entity/course_easyjson.go:526.34,527.26 1 0
github.com/Rasikrr/learning_platform/internal/domain/entity/course_easyjson.go:527.26,529.7 1 0
github.com/Rasikrr/learning_platform/internal/domain/entity/course_easyjson.go:529.12,531.7 1 0
github.com/Rasikrr/learning_platform/internal/domain/entity/course_easyjson.go:532.11,534.6 1 0
github.com/Rasikrr/learning_platform/internal/domain/entity/course_easyjson.go:535.5,535.26 1 0
github.com/Rasikrr/learning_platform/internal/domain/entity/course_easyjson.go:535.26,540.6 4 0
github.com/Rasikrr/learning_platform/internal/domain/entity/course_easyjson.go:541.5,541.18 1 0
github.com/Rasikrr/learning_platform/internal/domain/entity/course_easyjson.go:543.26,544.40 1 0
github.com/Rasikrr/learning_platform/internal/domain/entity/course_easyjson.go:545.21,546.33 1 0
github.com/Rasikrr/learning_platform/internal/domain/entity/course_easyjson.go:546.33,548.5 1 0
github.com/Rasikrr/learning_platform/internal/domain/entity/course_easyjson.go:549.21,550.33 1 0
github.com/Rasikrr/learning_platform/internal/domain/entity/course_easyjson.go:550.33,552.5 1 0
github.com/Rasikrr/learning_platform/internal/domain/entity/course_easyjson.go:553.11,554.22 1 0
github.com/Rasikrr/learning_platform/internal/domain/entity/course_easyjson.go:556.3,556.17 1 0
github.com/Rasikrr/learning_platform/internal/domain/entity/course_easyjson.go:558.2,559.16 2 0
github.com/Rasikrr/learning_platform/internal/domain/entity/course_easyjson.go:559.16,561.3 1 0
github.com/Rasikrr/learning_platform/internal/domain/entity/course_easyjson.go:563.112,567.2 4 0
github.com/Rasikrr/learning_platform/internal/domain/entity/course_easyjson.go:567.2,571.3 3 0
github.com/Rasikrr/learning_platform/internal/domain/entity/course_easyjson.go:572.2,576.3 3 0
github.com/Rasikrr/learning_platform/internal/domain/entity/course_easyjson.go:577.2,581.3 3 0
github.com/Rasikrr/learning_platform/internal/domain/entity/course_easyjson.go:582.2,585.68 3 0
github.com/Rasikrr/learning_platform/internal/domain/entity/course_easyjson.go:585.68,587.4 1 0
github.com/Rasikrr/learning_platform/internal/domain/entity/course_easyjson.go:587.9,589.37 2 0
github.com/Rasikrr/learning_platform/internal/domain/entity/course_easyjson.go:589.37,590.16 1 0
github.com/Rasikrr/learning_platform/internal/domain/entity/course_easyjson.go:590.16,592.6 1 0
github.com/Rasikrr/learning_platform/internal/domain/entity/course_easyjson.go:593.5,593.28 1 0
github.com/Rasikrr/learning_platform/internal/domain/entity/course_easyjson.go:595.4,595.20 1 0
github.com/Rasikrr/learning_platform/internal/domain/entity/course_easyjson.go:598.2,601.75 3 0
github.com/Rasikrr/learning_platform/internal/domain/entity/course_easyjson.go:601.75,603.4 1 0
github.com/Rasikrr/learning_platform/internal/domain/entity/course_easyjson.go:603.9,605.44 2 0
github.com/Rasikrr/learning_platform/internal/domain/entity/course_easyjson.go:605.44,606.16 1 0
github.com/Rasikrr/learning_platform/internal/domain/entity/course_easyjson.go:606.16,608.6 1 0
github.com/Rasikrr/learning_platform/internal/domain/entity/course_easyjson.go:609.5,609.24 1 0
github.com/Rasikrr/learning_platform/internal/domain/entity/course_easyjson.go:611.4,611.20 1 0
github.com/Rasikrr/learning_platform/internal/domain/entity/course_easyjson.go:614.2,618.3 3 0
github.com/Rasikrr/learning_platform/internal/domain/entity/course_easyjson.go:619.2,623.3 3 0
github.com/Rasikrr/learning_platform/internal/domain/entity/course_easyjson.go:624.2,628.3 3 0
github.com/Rasikrr/learning_platform/internal/domain/entity/course_easyjson.go:629.2,629.18 1 0
github.com/Rasikrr/learning_platform/internal/domain/entity/course_easyjson.go:633.45,637.2 3 0
github.com/Rasikrr/learning_platform/internal/domain/entity/course_easyjson.go:640.50,642.2 1 0
github.com/Rasikrr/learning_platform/internal/domain/entity/course_easyjson.go:645.49,649.2 3 0
github.com/Rasikrr/learning_platform/internal/domain/entity/course_easyjson.go:652.51,654.2 1 0
github.com/Rasikrr/learning_platform/internal/domain/entity/course_easyjson.go:655.120,657.17 2 0
github.com/Rasikrr/learning_platform/internal/domain/entity/course_easyjson.go:657.17,658.17 1 0
github.com/Rasikrr/learning_platform/internal/domain/entity/course_easyjson.go:658.17,660.4 1 0
github.com/Rasikrr/learning_platform/internal/domain/entity/course_easyjson.go:661.3,662.9 2 0
github.com/Rasikrr/learning_platform/internal/domain/entity/course_easyjson.go:664.2,665.23 2 0
github.com/Rasikrr/learning_platform/internal/domain/entity/course_easyjson.go:665.23,668.18 3 0
github.com/Rasikrr/learning_platform/internal/domain/entity/course_easyjson.go:668.18,671.12 3 0
github.com/Rasikrr/learning_platform/internal/domain/entity/course_easyjson.go:673.3,673.14 1 0
github.com/Rasikrr/learning_platform/internal/domain/entity/course_easyjson.go:674.13,675.41 1 0
github.com/Rasikrr/learning_platform/internal/domain/entity/course_easyjson.go:675.41,677.5 1 0
github.com/Rasikrr/learning_platform/internal/domain/entity/course_easyjson.go:678.19,679.41 1 0
github.com/Rasikrr/learning_platform/internal/domain/entity/course_easyjson.go:679.41,681.5 1 0
github.com/Rasikrr/learning_platform/internal/domain/entity/course_easyjson.go:682.22,683.41 1 0
github.com/Rasikrr/learning_platform/internal/domain/entity/course_easyjson.go:684.27,685.33 1 0
github.com/Rasikrr/learning_platform/internal/domain/entity/course_easyjson.go:685.33,687.5 1 0
github.com/Rasikrr/learning_platform/internal/domain/entity/course_easyjson.go:688.23,689.41 1 0
github.com/Rasikrr/learning_platform/internal/domain/entity/course_easyjson.go:690.26,691.19 1 0
github.com/Rasikrr/learning_platform/internal/domain/entity/course_easyjson.go:691.19,694.5 2 0
github.com/Rasikrr/learning_platform/internal/domain/entity/course_easyjson.go:694.10,695.34 1 0
github.com/Rasikrr/learning_platform/internal/domain/entity/course_easyjson.go:695.34,697.6 1 0
github.com/Rasikrr/learning_platform/internal/domain/entity/course_easyjson.go:698.5,698.46 1 0
github.com/Rasikrr/learning_platform/internal/domain/entity/course_easyjson.go:700.23,701.35 1 0
github.com/Rasikrr/learning_platform/internal/domain/entity/course_easyjson.go:702.21,703.33 1 0
github.com/Rasikrr/learning_platform/internal/domain/entity/course_easyjson.go:703.33,705.5 1 0
github.com/Rasikrr/learning_platform/internal/domain/entity/course_easyjson.go:706.21,707.33 1 0
github.com/Rasikrr/learning_platform/internal/domain/entity/course_easyjson.go:707.33,709.5 1 0
github.com/Rasikrr/learning_platform/internal/domain/entity/course_easyjson.go:710.21,711.35 1 0
github.com/Rasikrr/learning_platform/internal/domain/entity/course_easyjson.go:712.19,713.33 1 0
github.com/Rasikrr/learning_platform/internal/domain/entity/course_easyjson.go:713.33,715.5 1 0
github.com/Rasikrr/learning_platform/internal/domain/entity/course_easyjson.go:716.11,717.22 1 0
github.com/Rasikrr/learning_platform/internal/domain/entity/course_easyjson.go:719.3,719.17 1 0
github.com/Rasikrr/learning_platform/internal/domain/entity/course_easyjson.go:721.2,722.16 2 0
github.com/Rasikrr/learning_platform/internal/domain/entity/course_easyjson.go:722.16,724.3 1 0
github.com/Rasikrr/learning_platform/internal/domain/entity/course_easyjson.go:726.121,730.2 4 0
github.com/Rasikrr/learning_platform/internal/domain/entity/course_easyjson.go:730.2,734.3 3 0
github.com/Rasikrr/learning_platform/internal/domain/entity/course_easyjson.go:735.2,739.3 3 0
github.com/Rasikrr/learning_platform/internal/domain/entity/course_easyjson.go:740.2,744.3 3 0
github.com/Rasikrr/learning_platform/internal/domain/entity/course_easyjson.go:745.2,749.3 3 0
github.com/Rasikrr/learning_platform/internal/domain/entity/course_easyjson.go:750.2,754.3 3 0
github.com/Rasikrr/learning_platform/internal/domain/entity/course_easyjson.go:755.2,758.31 3 0
github.com/Rasikrr/learning_platform/internal/domain/entity/course_easyjson.go:758.31,760.4 1 0
github.com/Rasikrr/learning_platform/internal/domain/entity/course_easyjson.go:760.9,762.4 1 0
github.com/Rasikrr/learning_platform/internal/domain/entity/course_easyjson.go:764.2,768.3 3 0
github.com/Rasikrr/learning_platform/internal/domain/entity/course_easyjson.go:769.2,773.3 3 0
github.com/Rasikrr/learning_platform/internal/domain/entity/course_easyjson.go:774.2,778.3 3 0
github.com/Rasikrr/learning_platform/internal/domain/entity/course_easyjson.go:779.2,783.3 3 0
github.com/Rasikrr/learning_platform/internal/domain/entity/course_easyjson.go:784.2,788.3 3 0
github.com/Rasikrr/learning_platform/internal/domain/entity/course_easyjson.go:789.2,789.18 1 0
github.com/Rasikrr/learning_platform/internal/domain/entity/course_easyjson.go:793.54,797.2 3 0
github.com/Rasikrr/learning_platform/internal/domain/entity/course_easyjson.go:800.59,802.2 1 0
github.com/Rasikrr/learning_platform/internal/domain/entity/course_easyjson.go:805.58,809.2 3 0
github.com/Rasikrr/learning_platform/internal/domain/entity/course_easyjson.go:812.60,814.2 1 0
github.com/Rasikrr/learning_platform/internal/domain/entity/course_easyjson.go:815.113,817.17 2 0
github.com/Rasikrr/learning_platform/internal/domain/entity/course_easyjson.go:817.17,818.17 1 0
github.com/Rasikrr/learning_platform/internal/domain/entity/course_easyjson.go:818.17,820.4 1 0
github.com/Rasikrr/learning_platform/internal/domain/entity/course_easyjson.go:821.3,822.9 2 0
github.com/Rasikrr/learning_platform/internal/domain/entity/course_easyjson.go:824.2,825.23 2 0
github.com/Rasikrr/learning_platform/internal/domain/entity/course_easyjson.go:825.23,828.18 3 0
github.com/Rasikrr/learning_platform/internal/domain/entity/course_easyjson.go:828.18,831.12 3 0
github.com/Rasikrr/learning_platform/internal/domain/entity/course_easyjson.go:833.3,833.14 1 0
github.com/Rasikrr/learning_platform/internal/domain/entity/course_easyjson.go:834.13,835.41 1 0
github.com/Rasikrr/learning_platform/internal/domain/entity/course_easyjson.go:835.41,837.5 1 0
github.com/Rasikrr/learning_platform/internal/domain/entity/course_easyjson.go:838.16,839.35 1 0
github.com/Rasikrr/learning_platform/internal/domain/entity/course_easyjson.go:840.20,841.19 1 0
github.com/Rasikrr/learning_platform/internal/domain/entity/course_easyjson.go:841.19,844.5 2 0
github.com/Rasikrr/learning_platform/internal/domain/entity/course_easyjson.go:844.10,845.28 1 0
github.com/Rasikrr/learning_platform/internal/domain/entity/course_easyjson.go:845.28,847.6 1 0
github.com/Rasikrr/learning_platform/internal/domain/entity/course_easyjson.go:848.5,848.40 1 0
github.com/Rasikrr/learning_platform/internal/domain/entity/course_easyjson.go:850.19,851.40 1 0
github.com/Rasikrr/learning_platform/internal/domain/entity/course_easyjson.go:852.22,853.41 1 0
github.com/Rasikrr/learning_platform/internal/domain/entity/course_easyjson.go:854.17,855.19 1 0
github.com/Rasikrr/learning_platform/internal/domain/entity/course_easyjson.go:855.19,858.5 2 0
github.com/Rasikrr/learning_platform/internal/domain/entity/course_easyjson.go:858.10,860.26 2 0
github.com/Rasikrr/learning_platform/internal/domain/entity/course_easyjson.go:860.26,861.26 1 0
github.com/Rasikrr/learning_platform/internal/domain/entity/course_easyjson.go:861.26,863.7 1 0
github.com/Rasikrr/learning_platform/internal/domain/entity/course_easyjson.go:863.12,865.7 1 0
github.com/Rasikrr/learning_platform/internal/domain/entity/course_easyjson.go:866.11,868.6 1 0
github.com/Rasikrr/learning_platform/internal/domain/entity/course_easyjson.go:869.5,869.26 1 0
github.com/Rasikrr/learning_platform/internal/domain/entity/course_easyjson.go:869.26,871.21 2 0
github.com/Rasikrr/learning_platform/internal/domain/entity/course_easyjson.go:871.21,874.7 2 0
github.com/Rasikrr/learning_platform/internal/domain/entity/course_easyjson.go:874.12,875.21 1 0
github.com/Rasikrr/learning_platform/internal/domain/entity/course_easyjson.go:875.21,877.8 1 0
github.com/Rasikrr/learning_platform/internal/domain/entity/course_easyjson.go:878.7,878.35 1 0
github.com/Rasikrr/learning_platform/internal/domain/entity/course_easyjson.go:880.6,881.20 2 0
github.com/Rasikrr/learning_platform/internal/domain/entity/course_easyjson.go:883.5,883.18 1 0
github.com/Rasikrr/learning_platform/internal/domain/entity/course_easyjson.go:885.21,886.41 1 0
github.com/Rasikrr/learning_platform/internal/domain/entity/course_easyjson.go:886.41,888.5 1 0
github.com/Rasikrr/learning_platform/internal/domain/entity/course_easyjson.go:889.21,890.33 1 0
github.com/Rasikrr/learning_platform/internal/domain/entity/course_easyjson.go:890.33,892.5 1 0
github.com/Rasikrr/learning_platform/internal/domain/entity/course_easyjson.go:893.21,894.33 1 0
github.com/Rasikrr/learning_platform/internal/domain/entity/course_easyjson.go:894.33,896.5 1 0
github.com/Rasikrr/learning_platform/internal/domain/entity/course_easyjson.go:897.11,898.22 1 0
github.com/Rasikrr/learning_platform/internal/domain/entity/course_easyjson.go:900.3,900.17 1 0
github.com/Rasikrr/learning_platform/internal/domain/entity/course_easyjson.go:902.2,903.16 2 0
github.com/Rasikrr/learning_platform/internal/domain/entity/course_easyjson.go:903.16,905.3 1 0
github.com/Rasikrr/learning_platform/internal/domain/entity/course_easyjson.go:907.114,911.2 4 0
github.com/Rasikrr/learning_platform/internal/domain/entity/course_easyjson.go:911.2,915.3 3 0
github.com/Rasikrr/learning_platform/internal/domain/entity/course_easyjson.go:916.2,920.3 3 0
github.com/Rasikrr/learning_platform/internal/domain/entity/course_easyjson.go:921.2,924.25 3 0
github.com/Rasikrr/learning_platform/internal/domain/entity/course_easyjson.go:924.25,926.4 1 0
github.com/Rasikrr/learning_platform/internal/domain/entity/course_easyjson.go:926.9,928.4 1 0
github.com/Rasikrr/learning_platform/internal/domain/entity/course_easyjson.go:930.2,934.3 3 0
github.com/Rasikrr/learning_platform/internal/domain/entity/course_easyjson.go:935.2,939.3 3 0
github.com/Rasikrr/learning_platform/internal/domain/entity/course_easyjson.go:940.2,940.25 1 0
github.com/Rasikrr/learning_platform/internal/domain/entity/course_easyjson.go:940.25,943.3 3 0
github.com/Rasikrr/learning_platform/internal/domain/entity/course_easyjson.go:943.3,945.36 2 0
github.com/Rasikrr/learning_platform/internal/domain/entity/course_easyjson.go:945.36,946.16 1 0
github.com/Rasikrr/learning_platform/internal/domain/entity/course_easyjson.go:946.16,948.6 1 0
github.com/Rasikrr/learning_platform/internal/domain/entity/course_easyjson.go:949.5,949.19 1 0
github.com/Rasikrr/learning_platform/internal/domain/entity/course_easyjson.go:949.19,951.6 1 0
github.com/Rasikrr/learning_platform/internal/domain/entity/course_easyjson.go:951.11,953.6 1 0
github.com/Rasikrr/learning_platform/internal/domain/entity/course_easyjson.go:955.4,955.20 1 0
github.com/Rasikrr/learning_platform/internal/domain/entity/course_easyjson.go:958.2,962.3 3 0
github.com/Rasikrr/learning_platform/internal/domain/entity/course_easyjson.go:963.2,967.3 3 0
github.com/Rasikrr/learning_platform/internal/domain/entity/course_easyjson.go:968.2,972.3 3 0
github.com/Rasikrr/learning_platform/internal/domain/entity/course_easyjson.go:973.2,973.18 1 0
github.com/Rasikrr/learning_platform/internal/domain/entity/course_easyjson.go:977.47,981.2 3 0
github.com/Rasikrr/learning_platform/internal/domain/entity/course_easyjson.go:984.52,986.2 1 0
github.com/Rasikrr/learning_platform/internal/domain/entity/course_easyjson.go:989.51,993.2 3 0
github.com/Rasikrr/learning_platform/internal/domain/entity/course_easyjson.go:996.53,998.2 1 0
github.com/Rasikrr/learning_platform/internal/domain/entity/course_easyjson.go:999.115,1001.17 2 0
github.com/Rasikrr/learning_platform/internal/domain/entity/course_easyjson.go:1001.17,1002.17 1 0
github.com/Rasikrr/learning_platform/internal/domain/entity/course_easyjson.go:1002.17,1004.4 1 0
github.com/Rasikrr/learning_platform/internal/domain/entity/course_easyjson.go:1005.3,1006.9 2 0
github.com/Rasikrr/learning_platform/internal/domain/entity/course_easyjson.go:1008.2,1009.23 2 0
github.com/Rasikrr/learning_platform/internal/domain/entity/course_easyjson.go:1009.23,1012.18 3 0
github.com/Rasikrr/learning_platform/internal/domain/entity/course_easyjson.go:1012.18,1015.12 3 0
github.com/Rasikrr/learning_platform/internal/domain/entity/course_easyjson.go:1017.3,1017.14 1 0
github.com/Rasikrr/learning_platform/internal/domain/entity/course_easyjson.go:1018.13,1019.41 1 0
github.com/Rasikrr/learning_platform/internal/domain/entity/course_easyjson.go:1019.41,1021.5 1 0
github.com/Rasikrr/learning_platform/internal/domain/entity/course_easyjson.go:1022.15,1023.34 1 0
github.com/Rasikrr/learning_platform/internal/domain/entity/course_easyjson.go:1024.21,1025.41 1 0
github.com/Rasikrr/learning_platform/internal/domain/entity/course_easyjson.go:1025.41,1027.5 1 0
github.com/Rasikrr/learning_platform/internal/domain/entity/course_easyjson.go:1028.21,1029.33 1 0
github.com/Rasikrr/learning_platform/internal/domain/entity/course_easyjson.go:1029.33,1031.5 1 0
github.com/Rasikrr/learning_platform/internal/domain/entity/course_easyjson.go:1032.21,1033.33 1 0
github.com/Rasikrr/learning_platform/internal/domain/entity/course_easyjson.go:1033.33,1035.5 1 0
github.com/Rasikrr/learning_platform/internal/domain/entity/course_easyjson.go:1036.11,1037.22 1 0
github.com/Rasikrr/learning_platform/internal/domain/entity/course_easyjson.go:1039.3,1039.17 1 0
github.com/Rasikrr/learning_platform/internal/domain/entity/course_easyjson.go:1041.2,1042.16 2 0
github.com/Rasikrr/learning_platform/internal/domain/entity/course_easyjson.go:1042.16,1044.3 1 0
github.com/Rasikrr/learning_platform/internal/domain/entity/course_easyjson.go:1046.116,1050.2 4 0
github.com/Rasikrr/learning_platform/internal/domain/entity/course_easyjson.go:1050.2,1054.3 3 0
github.com/Rasikrr/learning_platform/internal/domain/entity/course_easyjson.go:1055.2,1059.3 3 0
github.com/Rasikrr/learning_platform/internal/domain/entity/course_easyjson.go:1060.2,1064.3 3 0
github.com/Rasikrr/learning_platform/internal/domain/entity/course_easyjson.go:1065.2,1069.3 3 0
github.com/Rasikrr/learning_platform/internal/domain/entity/course_easyjson.go:1070.2,1074.3 3 0
github.com/Rasikrr/learning_platform/internal/domain/entity/course_easyjson.go:1075.2,1075.18 1 0
github.com/Rasikrr/learning_platform/internal/domain/entity/course_easyjson.go:1079.49,1083.2 3 0
github.com/Rasikrr/learning_platform/internal/domain/entity/course_easyjson.go:1086.54,1088.2 1 0
github.com/Rasikrr/learning_platform/internal/domain/entity/course_easyjson.go:1091.53,1095.2 3 0
github.com/Rasikrr/learning_platform/internal/domain/entity/course_easyjson.go:1098.55,1100.2 1 0
github.com/Rasikrr/learning_platform/internal/domain/entity/course_easyjson.go:1101.117,1103.17 2 0
github.com/Rasikrr/learning_platform/internal/domain/entity/course_easyjson.go:1103.17,1104.17 1 0
github.com/Rasikrr/learning_platform/internal/domain/entity/course_easyjson.go:1104.17,1106.4 1 0
github.com/Rasikrr/learning_platform/internal/domain/entity/course_easyjson.go:1107.3,1108.9 2 0
github.com/Rasikrr/learning_platform/internal/domain/entity/course_easyjson.go:1110.2,1111.23 2 0
github.com/Rasikrr/learning_platform/internal/domain/entity/course_easyjson.go:1111.23,1114.18 3 0
github.com/Rasikrr/learning_platform/internal/domain/entity/course_easyjson.go:1114.18,1117.12 3 0
github.com/Rasikrr/learning_platform/internal/domain/entity/course_easyjson.go:1119.3,1119.14 1 0
github.com/Rasikrr/learning_platform/internal/domain/entity/course_easyjson.go:1120.22,1121.40 1 0
github.com/Rasikrr/learning_platform/internal/domain/entity/course_easyjson.go:1122.17,1123.19 1 0
github.com/Rasikrr/learning_platform/internal/domain/entity/course_easyjson.go:1123.19,1126.5 2 0
github.com/Rasikrr/learning_platform/internal/domain/entity/course_easyjson.go:1126.10,1128.26 2 0
github.com/Rasikrr/learning_platform/internal/domain/entity/course_easyjson.go:1128.26,1129.26 1 0
github.com/Rasikrr/learning_platform/internal/domain/entity/course_easyjson.go:1129.26,1131.7 1 0
github.com/Rasikrr/learning_platform/internal/domain/entity/course_easyjson.go:1131.12,1133.7 1 0
github.com/Rasikrr/learning_platform/internal/domain/entity/course_easyjson.go:1134.11,1136.6 1 0
github.com/Rasikrr/learning_platform/internal/domain/entity/course_easyjson.go:1137.5,1137.26 1 0
github.com/Rasikrr/learning_platform/internal/domain/entity/course_easyjson.go:1137.26,1142.6 4 0
github.com/Rasikrr/learning_platform/internal/domain/entity/course_easyjson.go:1143.5,1143.18 1 0
github.com/Rasikrr/learning_platform/internal/domain/entity/course_easyjson.go:1145.11,1146.22 1 0
github.com/Rasikrr/learning_platform/internal/domain/entity/course_easyjson.go:1148.3,1148.17 1 0
github.com/Rasikrr/learning_platform/internal/domain/entity/course_easyjson.go:1150.2,1151.16 2 0
github.com/Rasikrr/learning_platform/internal/domain/entity/course_easyjson.go:1151.16,1153.3 1 0
github.com/Rasikrr/learning_platform/internal/domain/entity/course_easyjson.go:1155.118,1159.2 4 0
github.com/Rasikrr/learning_platform/internal/domain/entity/course_easyjson.go:1159.2,1163.3 3 0
github.com/Rasikrr/learning_platform/internal/domain/entity/course_easyjson.go:1164.2,1167.67 3 0
github.com/Rasikrr/learning_platform/internal/domain/entity/course_easyjson.go:1167.67,1169.4 1 0
github.com/Rasikrr/learning_platform/internal/domain/entity/course_easyjson.go:1169.9,1171.36 2 0
github.com/Rasikrr/learning_platform/internal/domain/entity/course_easyjson.go:1171.36,1172.16 1 0
github.com/Rasikrr/learning_platform/internal/domain/entity/course_easyjson.go:1172.16,1174.6 1 0
github.com/Rasikrr/learning_platform/internal/domain/entity/course_easyjson.go:1175.5,1175.24 1 0
github.com/Rasikrr/learning_platform/internal/domain/entity/course_easyjson.go:1177.4,1177.20 1 0
github.com/Rasikrr/learning_platform/internal/domain/entity/course_easyjson.go:1180.2,1180.18 1 0
github.com/Rasikrr/learning_platform/internal/domain/entity/course_easyjson.go:1184.51,1188.2 3 0
github.com/Rasikrr/learning_platform/internal/domain/entity/course_easyjson.go:1191.56,1193.2 1 0
github.com/Rasikrr/learning_platform/internal/domain/entity/course_easyjson.go:1196.55,1200.2 3 0
github.com/Rasikrr/learning_platform/internal/domain/entity/course_easyjson.go:1203.57,1205.2 1 0
github.com/Rasikrr/learning_platform/internal/domain/entity/faq_easyjson.go:21.122,23.17 2 0
github.com/Rasikrr/learning_platform/internal/domain/entity/faq_easyjson.go:23.17,24.17 1 0
github.com/Rasikrr/learning_platform/internal/domain/entity/faq_easyjson.go:24.17,26.4 1 0
github.com/Rasikrr/learning_platform/internal/domain/entity/faq_easyjson.go:27.3,28.9 2 0
github.com/Rasikrr/learning_platform/internal/domain/entity/faq_easyjson.go:30.2,31.23 2 0
github.com/Rasikrr/learning_platform/internal/domain/entity/faq_easyjson.go:31.23,34.18 3 0
github.com/Rasikrr/learning_platform/internal/domain/entity/faq_easyjson.go:34.18,37.12 3 0
github.com/Rasikrr/learning_platform/internal/domain/entity/faq_easyjson.go:39.3,39.14 1 0
github.com/Rasikrr/learning_platform/internal/domain/entity/faq_easyjson.go:40.13,41.41 1 0
github.com/Rasikrr/learning_platform/internal/domain/entity/faq_easyjson.go:41.41,43.5 1 0
github.com/Rasikrr/learning_platform/internal/domain/entity/faq_easyjson.go:44.15,45.34 1 0
github.com/Rasikrr/learning_platform/internal/domain/entity/faq_easyjson.go:46.21,47.33 1 0
github.com/Rasikrr/learning_platform/internal/domain/entity/faq_easyjson.go:47.33,49.5 1 0
github.com/Rasikrr/learning_platform/internal/domain/entity/faq_easyjson.go:50.21,51.33 1 0
github.com/Rasikrr/learning_platform/internal/domain/entity/faq_easyjson.go:51.33,53.5 1 0
github.com/Rasikrr/learning_platform/internal/domain/entity/faq_easyjson.go:54.11,55.22 1 0
github.com/Rasikrr/learning_platform/internal/domain/entity/faq_easyjson.go:57.3,57.17 1 0
github.com/Rasikrr/learning_platform/internal/domain/entity/faq_easyjson.go:59.2,60.16 2 0
github.com/Rasikrr/learning_platform/internal/domain/entity/faq_easyjson.go:60.16,62.3 1 0
github.com/Rasikrr/learning_platform/internal/domain/entity/faq_easyjson.go:64.123,68.2 4 0
github.com/Rasikrr/learning_platform/internal/domain/entity/faq_easyjson.go:68.2,72.3 3 0
github.com/Rasikrr/learning_platform/internal/domain/entity/faq_easyjson.go:73.2,77.3 3 0
github.com/Rasikrr/learning_platform/internal/domain/entity/faq_easyjson.go:78.2,82.3 3 0
github.com/Rasikrr/learning_platform/internal/domain/entity/faq_easyjson.go:83.2,87.3 3 0
github.com/Rasikrr/learning_platform/internal/domain/entity/faq_easyjson.go:88.2,88.18 1 0
github.com/Rasikrr/learning_platform/internal/domain/entity/faq_easyjson.go:92.57,96.2 3 0
github.com/Rasikrr/learning_platform/internal/domain/entity/faq_easyjson.go:99.62,101.2 1 0
github.com/Rasikrr/learning_platform/internal/domain/entity/faq_easyjson.go:104.61,108.2 3 0
github.com/Rasikrr/learning_platform/internal/domain/entity/faq_easyjson.go:111.63,113.2 1 0
github.com/Rasikrr/learning_platform/internal/domain/entity/faq_easyjson.go:114.115,116.17 2 0
github.com/Rasikrr/learning_platform/internal/domain/entity/faq_easyjson.go:116.17,117.17 1 0
github.com/Rasikrr/learning_platform/internal/domain/entity/faq_easyjson.go:117.17,119.4 1 0
github.com/Rasikrr/learning_platform/internal/domain/entity/faq_easyjson.go:120.3,121.9 2 0
github.com/Rasikrr/learning_platform/internal/domain/entity/faq_easyjson.go:123.2,124.23 2 0
github.com/Rasikrr/learning_platform/internal/domain/entity/faq_easyjson.go:124.23,127.18 3 0
github.com/Rasikrr/learning_platform/internal/domain/entity/faq_easyjson.go:127.18,130.12 3 0
github.com/Rasikrr/learning_platform/internal/domain/entity/faq_easyjson.go:132.3,132.14 1 0
github.com/Rasikrr/learning_platform/internal/domain/entity/faq_easyjson.go:133.13,134.41 1 0
github.com/Rasikrr/learning_platform/internal/domain/entity/faq_easyjson.go:134.41,136.5 1 0
github.com/Rasikrr/learning_platform/internal/domain/entity/faq_easyjson.go:137.19,138.19 1 0
github.com/Rasikrr/learning_platform/internal/domain/entity/faq_easyjson.go:138.19,141.5 2 0
github.com/Rasikrr/learning_platform/internal/domain/entity/faq_easyjson.go:141.10,142.28 1 0
github.com/Rasikrr/learning_platform/internal/domain/entity/faq_easyjson.go:142.28,144.6 1 0
github.com/Rasikrr/learning_platform/internal/domain/entity/faq_easyjson.go:145.5,145.42 1 0
github.com/Rasikrr/learning_platform/internal/domain/entity/faq_easyjson.go:147.16,148.35 1 0
github.com/Rasikrr/learning_platform/internal/domain/entity/faq_easyjson.go:149.15,150.34 1 0
github.com/Rasikrr/learning_platform/internal/domain/entity/faq_easyjson.go:151.21,152.33 1 0
github.com/Rasikrr/learning_platform/internal/domain/entity/faq_easyjson.go:152.33,154.5 1 0
github.com/Rasikrr/learning_platform/internal/domain/entity/faq_easyjson.go:155.21,156.33 1 0
github.com/Rasikrr/learning_platform/internal/domain/entity/faq_easyjson.go:156.33,158.5 1 0
github.com/Rasikrr/learning_platform/internal/domain/entity/faq_easyjson.go:159.17,160.19 1 0
github.com/Rasikrr/learning_platform/internal/domain/entity/faq_easyjson.go:160.19,163.5 2 0
github.com/Rasikrr/learning_platform/internal/domain/entity/faq_easyjson.go:163.10,164.26 1 0
github.com/Rasikrr/learning_platform/internal/domain/entity/faq_easyjson.go:164.26,166.6 1 0
github.com/Rasikrr/learning_platform/internal/domain/entity/faq_easyjson.go:167.5,167.96 1 0
github.com/Rasikrr/learning_platform/internal/domain/entity/faq_easyjson.go:169.11,170.22 1 0
github.com/Rasikrr/learning_platform/internal/domain/entity/faq_easyjson.go:172.3,172.17 1 0
github.com/Rasikrr/learning_platform/internal/domain/entity/faq_easyjson.go:174.2,175.16 2 0
github.com/Rasikrr/learning_platform/internal/domain/entity/faq_easyjson.go:175.16,177.3 1 0
github.com/Rasikrr/learning_platform/internal/domain/entity/faq_easyjson.go:179.116,183.2 4 0
github.com/Rasikrr/learning_platform/internal/domain/entity/faq_easyjson.go:183.2,187.3 3 0
github.com/Rasikrr/learning_platform/internal/domain/entity/faq_easyjson.go:188.2,191.25 3 0
github.com/Rasikrr/learning_platform/internal/domain/entity/faq_easyjson.go:191.25,193.4 1 0
github.com/Rasikrr/learning_platform/internal/domain/entity/faq_easyjson.go:193.9,195.4 1 0
github.com/Rasikrr/learning_platform/internal/domain/entity/faq_easyjson.go:197.2,201.3 3 0
github.com/Rasikrr/learning_platform/internal/domain/entity/faq_easyjson.go:202.2,206.3 3 0
github.com/Rasikrr/learning_platform/internal/domain/entity/faq_easyjson.go:207.2,211.3 3 0
github.com/Rasikrr/learning_platform/internal/domain/entity/faq_easyjson.go:212.2,216.3 3 0
github.com/Rasikrr/learning_platform/internal/domain/entity/faq_easyjson.go:217.2,220.23 3 0
github.com/Rasikrr/learning_platform/internal/domain/entity/faq_easyjson.go:220.23,222.4 1 0
github.com/Rasikrr/learning_platform/internal/domain/entity/faq_easyjson.go:222.9,224.4 1 0
github.com/Rasikrr/learning_platform/internal/domain/entity/faq_easyjson.go:226.2,226.18 1 0
github.com/Rasikrr/learning_platform/internal/domain/entity/faq_easyjson.go:230.49,234.2 3 0
github.com/Rasikrr/learning_platform/internal/domain/entity/faq_easyjson.go:237.54,239.2 1 0
github.com/Rasikrr/learning_platform/internal/domain/entity/faq_easyjson.go:242.53,246.2 3 0
github.com/Rasikrr/learning_platform/internal/domain/entity/faq_easyjson.go:249.55,251.2 1 0
github.com/Rasikrr/learning_platform/internal/domain/entity/faq_easyjson.go:252.111,254.17 2 0
github.com/Rasikrr/learning_platform/internal/domain/entity/faq_easyjson.go:254.17,255.17 1 0
github.com/Rasikrr/learning_platform/internal/domain/entity/faq_easyjson.go:255.17,257.4 1 0
github.com/Rasikrr/learning_platform/internal/domain/entity/faq_easyjson.go:258.3,259.9 2 0
github.com/Rasikrr/learning_platform/internal/domain/entity/faq_easyjson.go:261.2,262.23 2 0
github.com/Rasikrr/learning_platform/internal/domain/entity/faq_easyjson.go:262.23,265.18 3 0
github.com/Rasikrr/learning_platform/internal/domain/entity/faq_easyjson.go:265.18,268.12 3 0
github.com/Rasikrr/learning_platform/internal/domain/entity/faq_easyjson.go:270.3,270.14 1 0
github.com/Rasikrr/learning_platform/internal/domain/entity/faq_easyjson.go:271.13,272.41 1 0
github.com/Rasikrr/learning_platform/internal/domain/entity/faq_easyjson.go:272.41,274.5 1 0
github.com/Rasikrr/learning_platform/internal/domain/entity/faq_easyjson.go:275.15,276.34 1 0
github.com/Rasikrr/learning_platform/internal/domain/entity/faq_easyjson.go:277.19,278.38 1 0
github.com/Rasikrr/learning_platform/internal/domain/entity/faq_easyjson.go:279.16,280.35 1 0
github.com/Rasikrr/learning_platform/internal/domain/entity/faq_easyjson.go:281.19,282.38 1 0
github.com/Rasikrr/learning_platform/internal/domain/entity/faq_easyjson.go:283.22,284.33 1 0
github.com/Rasikrr/learning_platform/internal/domain/entity/faq_easyjson.go:284.33,286.5 1 0
github.com/Rasikrr/learning_platform/internal/domain/entity/faq_easyjson.go:287.20,288.33 1 0
github.com/Rasikrr/learning_platform/internal/domain/entity/faq_easyjson.go:288.33,290.5 1 0
github.com/Rasikrr/learning_platform/internal/domain/entity/faq_easyjson.go:291.20,292.33 1 0
github.com/Rasikrr/learning_platform/internal/domain/entity/faq_easyjson.go:292.33,294.5 1 0
github.com/Rasikrr/learning_platform/internal/domain/entity/faq_easyjson.go:295.20,296.19 1 0
github.com/Rasikrr/learning_platform/internal/domain/entity/faq_easyjson.go:296.19,299.5 2 0
github.com/Rasikrr/learning_platform/internal/domain/entity/faq_easyjson.go:299.10,300.29 1 0
github.com/Rasikrr/learning_platform/internal/domain/entity/faq_easyjson.go:300.29,302.6 1 0
github.com/Rasikrr/learning_platform/internal/domain/entity/faq_easyjson.go:303.5,303.34 1 0
github.com/Rasikrr/learning_platform/internal/domain/entity/faq_easyjson.go:303.34,305.6 1 0
github.com/Rasikrr/learning_platform/internal/domain/entity/faq_easyjson.go:307.11,308.22 1 0
github.com/Rasikrr/learning_platform/internal/domain/entity/faq_easyjson.go:310.3,310.17 1 0
github.com/Rasikrr/learning_platform/internal/domain/entity/faq_easyjson.go:312.2,313.16 2 0
github.com/Rasikrr/learning_platform/internal/domain/entity/faq_easyjson.go:313.16,315.3 1 0
github.com/Rasikrr/learning_platform/internal/domain/entity/faq_easyjson.go:317.112,321.2 4 0
github.com/Rasikrr/learning_platform/internal/domain/entity/faq_easyjson.go:321.2,325.3 3 0
github.com/Rasikrr/learning_platform/internal/domain/entity/faq_easyjson.go:326.2,330.3 3 0
github.com/Rasikrr/learning_platform/internal/domain/entity/faq_easyjson.go:331.2,335.3 3 0
github.com/Rasikrr/learning_platform/internal/domain/entity/faq_easyjson.go:336.2,340.3 3 0
github.com/Rasikrr/learning_platform/internal/domain/entity/faq_easyjson.go:341.2,345.3 3 0
github.com/Rasikrr/learning_platform/internal/domain/entity/faq_easyjson.go:346.2,350.3 3 0
github.com/Rasikrr/learning_platform/internal/domain/entity/faq_easyjson.go:351.2,355.3 3 0
github.com/Rasikrr/learning_platform/internal/domain/entity/faq_easyjson.go:356.2,360.3 3 0
github.com/Rasikrr/learning_platform/internal/domain/entity/faq_easyjson.go:361.2,364.26 3 0
github.com/Rasikrr/learning_platform/internal/domain/entity/faq_easyjson.go:364.26,366.4 1 0
github.com/Rasikrr/learning_platform/internal/domain/entity/faq_easyjson.go:366.9,368.4 1 0
github.com/Rasikrr/learning_platform/internal/domain/entity/faq_easyjson.go:370.2,370.18 1 0
github.com/Rasikrr/learning_platform/internal/domain/entity/faq_easyjson.go:372.113,374.17 2 0
github.com/Rasikrr/learning_platform/internal/domain/entity/faq_easyjson.go:374.17,375.17 1 0
github.com/Rasikrr/learning_platform/internal/domain/entity/faq_easyjson.go:375.17,377.4 1 0
github.com/Rasikrr/learning_platform/internal/domain/entity/faq_easyjson.go:378.3,379.9 2 0
github.com/Rasikrr/learning_platform/internal/domain/entity/faq_easyjson.go:381.2,382.23 2 0
github.com/Rasikrr/learning_platform/internal/domain/entity/faq_easyjson.go:382.23,385.18 3 0
github.com/Rasikrr/learning_platform/internal/domain/entity/faq_easyjson.go:385.18,388.12 3 0
github.com/Rasikrr/learning_platform/internal/domain/entity/faq_easyjson.go:390.3,390.14 1 0
github.com/Rasikrr/learning_platform/internal/domain/entity/faq_easyjson.go:391.13,392.41 1 0
github.com/Rasikrr/learning_platform/internal/domain/entity/faq_easyjson.go:392.41,394.5 1 0
github.com/Rasikrr/learning_platform/internal/domain/entity/faq_easyjson.go:395.19,396.19 1 0
github.com/Rasikrr/learning_platform/internal/domain/entity/faq_easyjson.go:396.19,399.5 2 0
github.com/Rasikrr/learning_platform/internal/domain/entity/faq_easyjson.go:399.10,400.28 1 0
github.com/Rasikrr/learning_platform/internal/domain/entity/faq_easyjson.go:400.28,402.6 1 0
github.com/Rasikrr/learning_platform/internal/domain/entity/faq_easyjson.go:403.5,403.42 1 0
github.com/Rasikrr/learning_platform/internal/domain/entity/faq_easyjson.go:405.15,406.34 1 0
github.com/Rasikrr/learning_platform/internal/domain/entity/faq_easyjson.go:407.21,408.33 1 0
github.com/Rasikrr/learning_platform/internal/domain/entity/faq_easyjson.go:408.33,410.5 1 0
github.com/Rasikrr/learning_platform/internal/domain/entity/faq_easyjson.go:411.21,412.33 1 0
github.com/Rasikrr/learning_platform/internal/domain/entity/faq_easyjson.go:412.33,414.5 1 0
github.com/Rasikrr/learning_platform/internal/domain/entity/faq_easyjson.go:415.17,416.19 1 0
github.com/Rasikrr/learning_platform/internal/domain/entity/faq_easyjson.go:416.19,419.5 2 0
github.com/Rasikrr/learning_platform/internal/domain/entity/faq_easyjson.go:419.10,420.26 1 0
github.com/Rasikrr/learning_platform/internal/domain/entity/faq_easyjson.go:420.26,422.6 1 0
github.com/Rasikrr/learning_platform/internal/domain/entity/faq_easyjson.go:423.5,423.96 1 0
github.com/Rasikrr/learning_platform/internal/domain/entity/faq_easyjson.go:425.11,426.22 1 0
github.com/Rasikrr/learning_platform/internal/domain/entity/faq_easyjson.go:428.3,428.17 1 0
github.com/Rasikrr/learning_platform/internal/domain/entity/faq_easyjson.go:430.2,431.16 2 0
github.com/Rasikrr/learning_platform/internal/domain/entity/faq_easyjson.go:431.16,433.3 1 0
github.com/Rasikrr/learning_platform/internal/domain/entity/faq_easyjson.go:435.114,439.2 4 0
github.com/Rasikrr/learning_platform/internal/domain/entity/faq_easyjson.go:439.2,443.3 3 0
github.com/Rasikrr/learning_platform/internal/domain/entity/faq_easyjson.go:444.2,447.25 3 0
github.com/Rasikrr/learning_platform/internal/domain/entity/faq_easyjson.go:447.25,449.4 1 0
github.com/Rasikrr/learning_platform/internal/domain/entity/faq_easyjson.go:449.9,451.4 1 0
github.com/Rasikrr/learning_platform/internal/domain/entity/faq_easyjson.go:453.2,457.3 3 0
github.com/Rasikrr/learning_platform/internal/domain/entity/faq_easyjson.go:458.2,462.3 3 0
github.com/Rasikrr/learning_platform/internal/domain/entity/faq_easyjson.go:463.2,467.3 3 0
github.com/Rasikrr/learning_platform/internal/domain/entity/faq_easyjson.go:468.2,471.23 3 0
github.com/Rasikrr/learning_platform/internal/domain/entity/faq_easyjson.go:471.23,473.4 1 0
github.com/Rasikrr/learning_platform/internal/domain/entity/faq_easyjson.go:473.9,475.4 1 0
github.com/Rasikrr/learning_platform/internal/domain/entity/faq_easyjson.go:477.2,477.18 1 0
github.com/Rasikrr/learning_platform/internal/domain/entity/faq_easyjson.go:481.47,485.2 3 0
github.com/Rasikrr/learning_platform/internal/domain/entity/faq_easyjson.go:488.52,490.2 1 0
github.com/Rasikrr/learning_platform/internal/domain/entity/faq_easyjson.go:493.51,497.2 3 0
github.com/Rasikrr/learning_platform/internal/domain/entity/faq_easyjson.go:500.53,502.2 1 0
github.com/Rasikrr/learning_platform/internal/domain/entity/session.go:15.50,17.2 1 0
github.com/Rasikrr/learning_platform/internal/domain/entity/user.go:21.44,30.2 1 0
github.com/Rasikrr/learning_platform/internal/repositories/answers/models.go:21.50,36.2 3 0
github.com/Rasikrr/learning_platform/internal/repositories/answers/models.go:38.53,41.25 3 0
github.com/Rasikrr/learning_platform/internal/repositories/answers/models.go:41.25,43.17 2 0
github.com/Rasikrr/learning_platform/internal/repositories/answers/models.go:43.17,45.4 1 0
github.com/Rasikrr/learning_platform/internal/repositories/answers/models.go:47.2,47.17 1 0
github.com/Rasikrr/learning_platform/internal/repositories/answers/repository.go:17.55,19.2 1 0
github.com/Rasikrr/learning_platform/internal/repositories/answers/repository.go:21.79,24.2 2 0
github.com/Rasikrr/learning_platform/internal/ports/http/handlers/faq/get_answers.go:6.74,8.2 0 0
github.com/Rasikrr/learning_platform/internal/ports/http/handlers/faq/models.go:24.45,25.22 1 0
github.com/Rasikrr/learning_platform/internal/ports/http/handlers/faq/models.go:25.22,27.3 1 0
github.com/Rasikrr/learning_platform/internal/ports/http/handlers/faq/models.go:28.2,29.16 2 0
github.com/Rasikrr/learning_platform/internal/ports/http/handlers/faq/models.go:29.16,31.3 1 0
github.com/Rasikrr/learning_platform/internal/ports/http/handlers/faq/models.go:32.2,32.12 1 0
github.com/Rasikrr/learning_platform/internal/ports/http/handlers/faq/models.go:35.86,36.37 1 0
github.com/Rasikrr/learning_platform/internal/ports/http/handlers/faq/models.go:36.37,38.3 1 0
github.com/Rasikrr/learning_platform/internal/ports/http/handlers/faq/models.go:39.2,40.16 2 0
github.com/Rasikrr/learning_platform/internal/ports/http/handlers/faq/models.go:40.16,42.3 1 0
github.com/Rasikrr/learning_platform/internal/ports/http/handlers/faq/models.go:43.2,52.20 3 0
github.com/Rasikrr/learning_platform/internal/ports/http/handlers/faq/models.go:55.47,56.23 1 0
github.com/Rasikrr/learning_platform/internal/ports/http/handlers/faq/models.go:56.23,58.3 1 0
github.com/Rasikrr/learning_platform/internal/ports/http/handlers/faq/models.go:59.2,59.22 1 0
github.com/Rasikrr/learning_platform/internal/ports/http/handlers/faq/models.go:59.22,61.3 1 0
github.com/Rasikrr/learning_platform/internal/ports/http/handlers/faq/models.go:62.2,63.16 2 0
github.com/Rasikrr/learning_platform/internal/ports/http/handlers/faq/models.go:63.16,65.3 1 0
[...]
github.com/Rasikrr/learning_platform/internal/repositories/tasks/repository.go:23.55,27.2 1 0
github.com/Rasikrr/learning_platform/internal/repositories/tasks/repository.go:29.93,31.68 2 0
github.com/Rasikrr/learning_platform/internal/repositories/tasks/repository.go:31.68,33.3 1 0
github.com/Rasikrr/learning_platform/internal/repositories/tasks/repository.go:34.2,34.20 1 0
github.com/Rasikrr/learning_platform/internal/repositories/tasks/repository.go:37.120,39.91 2 0
github.com/Rasikrr/learning_platform/internal/repositories/tasks/repository.go:39.91,41.3 1 0
github.com/Rasikrr/learning_platform/internal/repositories/tasks/repository.go:42.2,42.20 1 0
github.com/Rasikrr/learning_platform/internal/repositories/tasks/repository.go:45.104,47.89 2 0
github.com/Rasikrr/learning_platform/internal/repositories/tasks/repository.go:47.89,49.3 1 0
github.com/Rasikrr/learning_platform/internal/repositories/tasks/repository.go:50.2,50.21 1 0
github.com/Rasikrr/learning_platform/internal/repositories/tasks_submissions/model.go:22.59,32.2 1 0
github.com/Rasikrr/learning_platform/internal/repositories/tasks_submissions/model.go:34.62,36.23 2 0
github.com/Rasikrr/learning_platform/internal/repositories/tasks_submissions/model.go:36.23,38.17 2 0
github.com/Rasikrr/learning_platform/internal/repositories/tasks_submissions/model.go:38.17,40.4 1 0
github.com/Rasikrr/learning_platform/internal/repositories/tasks_submissions/model.go:41.3,41.15 1 0
github.com/Rasikrr/learning_platform/internal/repositories/tasks_submissions/model.go:41.15,43.4 1 0
github.com/Rasikrr/learning_platform/internal/repositories/tasks_submissions/model.go:45.2,45.17 1 0
github.com/Rasikrr/learning_platform/internal/repositories/tasks_submissions/model.go:48.49,58.2 1 0
github.com/Rasikrr/learning_platform/internal/repositories/tasks_submissions/repository.go:22.55,26.2 1 0
github.com/Rasikrr/learning_platform/internal/repositories/tasks_submissions/repository.go:28.91,32.2 3 0
github.com/Rasikrr/learning_platform/internal/repositories/tasks_submissions/repository.go:34.94,36.89 2 0
github.com/Rasikrr/learning_platform/internal/repositories/tasks_submissions/repository.go:36.89,38.3 1 0
github.com/Rasikrr/learning_platform/internal/repositories/tasks_submissions/repository.go:39.2,39.20 1 0
github.com/Rasikrr/learning_platform/internal/repositories/test_cases/model.go:21.53,31.2 1 0
github.com/Rasikrr/learning_platform/internal/repositories/test_cases/model.go:33.56,35.23 2 0
github.com/Rasikrr/learning_platform/internal/repositories/test_cases/model.go:35.23,37.17 2 0
github.com/Rasikrr/learning_platform/internal/repositories/test_cases/model.go:37.17,39.4 1 0
github.com/Rasikrr/learning_platform/internal/repositories/test_cases/model.go:40.3,40.13 1 0
github.com/Rasikrr/learning_platform/internal/repositories/test_cases/model.go:42.2,42.17 1 0
github.com/Rasikrr/learning_platform/internal/repositories/test_cases/repository.go:21.54,25.2 1 0
github.com/Rasikrr/learning_platform/internal/repositories/test_cases/repository.go:27.98,29.80 2 0
github.com/Rasikrr/learning_platform/internal/repositories/test_cases/repository.go:29.80,31.3 1 0
github.com/Rasikrr/learning_platform/internal/repositories/test_cases/repository.go:32.2,32.21 1 0
github.com/Rasikrr/learning_platform/internal/services/submissions/quizzes.go:11.121,13.16 2 1
github.com/Rasikrr/learning_platform/internal/services/submissions/quizzes.go:13.16,15.3 1 0
github.com/Rasikrr/learning_platform/internal/services/submissions/quizzes.go:16.2,17.12 2 1
github.com/Rasikrr/learning_platform/internal/services/submissions/quizzes.go:17.12,19.3 1 1
github.com/Rasikrr/learning_platform/internal/services/submissions/quizzes.go:20.2,21.16 2 1
github.com/Rasikrr/learning_platform/internal/services/submissions/quizzes.go:21.16,23.3 1 0
github.com/Rasikrr/learning_platform/internal/services/submissions/quizzes.go:24.2,26.16 3 1
github.com/Rasikrr/learning_platform/internal/services/submissions/quizzes.go:26.16,28.3 1 0
github.com/Rasikrr/learning_platform/internal/services/submissions/quizzes.go:29.2,29.17 1 1
github.com/Rasikrr/learning_platform/internal/services/submissions/quizzes.go:32.90,34.16 2 0
github.com/Rasikrr/learning_platform/internal/services/submissions/quizzes.go:34.16,36.3 1 0
github.com/Rasikrr/learning_platform/internal/services/submissions/quizzes.go:37.2,37.13 1 0
github.com/Rasikrr/learning_platform/internal/services/submissions/quizzes.go:37.13,39.3 1 0
github.com/Rasikrr/learning_platform/internal/services/submissions/quizzes.go:40.2,41.12 2 0
github.com/Rasikrr/learning_platform/internal/services/submissions/quizzes.go:44.100,45.83 1 1
github.com/Rasikrr/learning_platform/internal/services/submissions/quizzes.go:45.83,47.3 1 1
github.com/Rasikrr/learning_platform/internal/services/submissions/quizzes.go:48.2,48.31 1 1
github.com/Rasikrr/learning_platform/internal/services/submissions/quizzes.go:48.31,50.10 2 1
github.com/Rasikrr/learning_platform/internal/services/submissions/quizzes.go:50.10,52.4 1 1
github.com/Rasikrr/learning_platform/internal/services/submissions/quizzes.go:53.3,53.50 1 1
github.com/Rasikrr/learning_platform/internal/services/submissions/quizzes.go:53.50,55.4 1 1
github.com/Rasikrr/learning_platform/internal/services/submissions/quizzes.go:57.2,57.18 1 1
github.com/Rasikrr/learning_platform/internal/services/submissions/service.go:45.11,54.2 1 1
github.com/Rasikrr/learning_platform/internal/services/submissions/tasks.go:14.102,16.16 2 1
github.com/Rasikrr/learning_platform/internal/services/submissions/tasks.go:16.16,18.3 1 0
github.com/Rasikrr/learning_platform/internal/services/submissions/tasks.go:19.2,20.16 2 1
github.com/Rasikrr/learning_platform/internal/services/submissions/tasks.go:20.16,22.3 1 0
github.com/Rasikrr/learning_platform/internal/services/submissions/tasks.go:23.2,23.16 1 1
github.com/Rasikrr/learning_platform/internal/services/submissions/tasks.go:23.16,25.3 1 1
github.com/Rasikrr/learning_platform/internal/services/submissions/tasks.go:26.2,26.20 1 1
github.com/Rasikrr/learning_platform/internal/services/submissions/tasks.go:26.20,28.3 1 0
github.com/Rasikrr/learning_platform/internal/services/submissions/tasks.go:29.2,35.16 3 1
github.com/Rasikrr/learning_platform/internal/services/submissions/tasks.go:35.16,39.3 3 0
github.com/Rasikrr/learning_platform/internal/services/submissions/tasks.go:40.2,40.66 1 1
github.com/Rasikrr/learning_platform/internal/services/submissions/tasks.go:40.66,44.3 3 1
github.com/Rasikrr/learning_platform/internal/services/submissions/tasks.go:45.2,45.23 1 1
github.com/Rasikrr/learning_platform/internal/services/submissions/tasks.go:45.23,48.3 2 1
github.com/Rasikrr/learning_platform/internal/services/submissions/tasks.go:49.2,50.76 2 1
github.com/Rasikrr/learning_platform/internal/services/submissions/tasks.go:50.76,52.3 1 0
github.com/Rasikrr/learning_platform/internal/services/submissions/tasks.go:53.2,53.24 1 1
github.com/Rasikrr/learning_platform/internal/services/submissions/tasks.go:56.133,58.16 2 0
github.com/Rasikrr/learning_platform/internal/services/submissions/tasks.go:58.16,60.3 1 0
github.com/Rasikrr/learning_platform/internal/services/submissions/tasks.go:61.2,66.37 2 0
github.com/Rasikrr/learning_platform/internal/services/submissions/tasks.go:66.37,68.24 2 0
github.com/Rasikrr/learning_platform/internal/services/submissions/tasks.go:68.24,72.9 4 0
github.com/Rasikrr/learning_platform/internal/services/submissions/tasks.go:74.3,74.40 1 0
github.com/Rasikrr/learning_platform/internal/services/submissions/tasks.go:74.40,80.9 6 0
github.com/Rasikrr/learning_platform/internal/services/submissions/tasks.go:83.2,84.76 2 0
github.com/Rasikrr/learning_platform/internal/services/submissions/tasks.go:84.76,86.3 1 0
github.com/Rasikrr/learning_platform/internal/services/submissions/tasks.go:87.2,87.27 1 0
github.com/Rasikrr/learning_platform/internal/util/hash.go:12.25,14.2 1 0
github.com/Rasikrr/learning_platform/internal/util/hash.go:16.56,18.16 2 0
github.com/Rasikrr/learning_platform/internal/util/hash.go:18.16,20.3 1 0
github.com/Rasikrr/learning_platform/internal/util/hash.go:21.2,21.36 1 0
github.com/Rasikrr/learning_platform/internal/util/hash.go:24.71,26.2 1 0
github.com/Rasikrr/learning_platform/internal/util/slices_equal.go:3.47,4.22 1 1
github.com/Rasikrr/learning_platform/internal/util/slices_equal.go:4.22,6.3 1 1
github.com/Rasikrr/learning_platform/internal/util/slices_equal.go:7.2,7.19 1 1
github.com/Rasikrr/learning_platform/internal/util/slices_equal.go:7.19,8.19 1 1
github.com/Rasikrr/learning_platform/internal/util/slices_equal.go:8.19,10.4 1 1
github.com/Rasikrr/learning_platform/internal/util/slices_equal.go:12.2,12.13 1 1
github.com/Rasikrr/learning_platform/configs/configs.go:76.30,78.16 2 0
github.com/Rasikrr/learning_platform/configs/configs.go:78.16,80.3 1 0
github.com/Rasikrr/learning_platform/configs/configs.go:82.2,85.13 3 0
github.com/Rasikrr/learning_platform/configs/configs.go:86.19,87.68 1 0
github.com/Rasikrr/learning_platform/configs/configs.go:87.68,89.4 1 0
github.com/Rasikrr/learning_platform/configs/configs.go:90.18,91.69 1 0
github.com/Rasikrr/learning_platform/configs/configs.go:91.69,93.4 1 0
github.com/Rasikrr/learning_platform/configs/configs.go:94.10,95.62 1 0
github.com/Rasikrr/learning_platform/configs/configs.go:97.2,108.16 10 0
github.com/Rasikrr/learning_platform/configs/configs.go:108.16,110.3 1 0
github.com/Rasikrr/learning_platform/configs/configs.go:112.2,126.20 11 0
github.com/Rasikrr/learning_platform/internal/clients/mail/client.go:19.44,29.2 3 1
github.com/Rasikrr/learning_platform/internal/clients/mail/client.go:31.83,38.2 6 1
github.com/Rasikrr/learning_platform/configs/configs.go:76.30,78.16 2 0
github.com/Rasikrr/learning_platform/configs/configs.go:78.16,80.3 1 0
github.com/Rasikrr/learning_platform/configs/configs.go:82.2,85.13 3 0
github.com/Rasikrr/learning_platform/configs/configs.go:86.19,87.68 1 0
github.com/Rasikrr/learning_platform/configs/configs.go:87.68,89.4 1 0
github.com/Rasikrr/learning_platform/configs/configs.go:90.18,91.69 1 0
github.com/Rasikrr/learning_platform/configs/configs.go:91.69,93.4 1 0
github.com/Rasikrr/learning_platform/configs/configs.go:94.10,95.62 1 0
github.com/Rasikrr/learning_platform/configs/configs.go:97.2,108.16 10 0
github.com/Rasikrr/learning_platform/configs/configs.go:108.16,110.3 1 0
github.com/Rasikrr/learning_platform/configs/configs.go:112.2,126.20 11 0
github.com/Rasikrr/learning_platform/internal/clients/jdoodle/client.go:32.44,38.2 1 1
github.com/Rasikrr/learning_platform/internal/clients/jdoodle/client.go:40.109,51.16 3 1
github.com/Rasikrr/learning_platform/internal/clients/jdoodle/client.go:51.16,53.3 1 0
github.com/Rasikrr/learning_platform/internal/clients/jdoodle/client.go:54.2,55.16 2 1
github.com/Rasikrr/learning_platform/internal/clients/jdoodle/client.go:55.16,57.3 1 0
github.com/Rasikrr/learning_platform/internal/clients/jdoodle/client.go:58.2,61.63 3 1
github.com/Rasikrr/learning_platform/internal/clients/jdoodle/client.go:61.63,63.3 1 0
github.com/Rasikrr/learning_platform/internal/clients/jdoodle/client.go:64.2,66.27 3 1
github.com/Rasikrr/learning_platform/internal/clients/jdoodle/client.go:66.27,68.3 1 0
github.com/Rasikrr/learning_platform/internal/clients/jdoodle/client.go:69.2,69.24 1 1
github.com/Rasikrr/learning_platform/internal/clients/jdoodle/client.go:72.120,84.16 3 0
github.com/Rasikrr/learning_platform/internal/clients/jdoodle/client.go:84.16,86.3 1 0
github.com/Rasikrr/learning_platform/internal/clients/jdoodle/client.go:87.2,88.16 2 0
github.com/Rasikrr/learning_platform/internal/clients/jdoodle/client.go:88.16,90.3 1 0
github.com/Rasikrr/learning_platform/internal/clients/jdoodle/client.go:91.2,94.63 3 0
github.com/Rasikrr/learning_platform/internal/clients/jdoodle/client.go:94.63,96.3 1 0
github.com/Rasikrr/learning_platform/internal/clients/jdoodle/client.go:97.2,99.27 3 0
github.com/Rasikrr/learning_platform/internal/clients/jdoodle/client.go:99.27,101.3 1 0
github.com/Rasikrr/learning_platform/internal/clients/jdoodle/client.go:102.2,102.24 1 0
github.com/Rasikrr/learning_platform/internal/domain/enum/account_role.go:11.55,12.29 1 0
github.com/Rasikrr/learning_platform/internal/domain/enum/account_role.go:12.29,13.16 1 0
github.com/Rasikrr/learning_platform/internal/domain/enum/account_role.go:13.16,15.4 1 0
github.com/Rasikrr/learning_platform/internal/domain/enum/account_role.go:17.2,17.14 1 0
github.com/Rasikrr/learning_platform/internal/domain/enum/account_role_enumer.go:17.38,18.48 1 0
github.com/Rasikrr/learning_platform/internal/domain/enum/account_role_enumer.go:18.48,20.3 1 0
github.com/Rasikrr/learning_platform/internal/domain/enum/account_role_enumer.go:21.2,21.70 1 0
github.com/Rasikrr/learning_platform/internal/domain/enum/account_role_enumer.go:26.25,30.2 3 0
github.com/Rasikrr/learning_platform/internal/domain/enum/account_role_enumer.go:48.55,49.50 1 0
github.com/Rasikrr/learning_platform/internal/domain/enum/account_role_enumer.go:49.50,51.3 1 0
github.com/Rasikrr/learning_platform/internal/domain/enum/account_role_enumer.go:53.2,53.67 1 0
github.com/Rasikrr/learning_platform/internal/domain/enum/account_role_enumer.go:53.67,55.3 1 0
github.com/Rasikrr/learning_platform/internal/domain/enum/account_role_enumer.go:56.2,56.69 1 0
github.com/Rasikrr/learning_platform/internal/domain/enum/account_role_enumer.go:60.40,62.2 1 0
github.com/Rasikrr/learning_platform/internal/domain/enum/account_role_enumer.go:65.36,69.2 3 0
github.com/Rasikrr/learning_platform/internal/domain/enum/account_role_enumer.go:72.44,73.39 1 0
github.com/Rasikrr/learning_platform/internal/domain/enum/account_role_enumer.go:73.39,74.13 1 0
github.com/Rasikrr/learning_platform/internal/domain/enum/account_role_enumer.go:74.13,76.4 1 0
github.com/Rasikrr/learning_platform/internal/domain/enum/account_role_enumer.go:78.2,78.14 1 0
github.com/Rasikrr/learning_platform/internal/domain/enum/account_role_enumer.go:82.52,84.2 1 0
github.com/Rasikrr/learning_platform/internal/domain/enum/account_role_enumer.go:87.56,89.49 2 0
github.com/Rasikrr/learning_platform/internal/domain/enum/account_role_enumer.go:89.49,91.3 1 0
github.com/Rasikrr/learning_platform/internal/domain/enum/account_role_enumer.go:93.2,95.12 3 0
github.com/Rasikrr/learning_platform/internal/domain/enum/course_progress_enumer.go:17.41,18.54 1 0
github.com/Rasikrr/learning_platform/internal/domain/enum/course_progress_enumer.go:18.54,20.3 1 0
github.com/Rasikrr/learning_platform/internal/domain/enum/course_progress_enumer.go:21.2,21.79 1 0
github.com/Rasikrr/learning_platform/internal/domain/enum/course_progress_enumer.go:26.28,30.2 3 0
github.com/Rasikrr/learning_platform/internal/domain/enum/course_progress_enumer.go:48.61,49.53 1 0
github.com/Rasikrr/learning_platform/internal/domain/enum/course_progress_enumer.go:49.53,51.3 1 0
github.com/Rasikrr/learning_platform/internal/domain/enum/course_progress_enumer.go:53.2,53.70 1 0
github.com/Rasikrr/learning_platform/internal/domain/enum/course_progress_enumer.go:53.70,55.3 1 0
github.com/Rasikrr/learning_platform/internal/domain/enum/course_progress_enumer.go:56.2,56.72 1 0
github.com/Rasikrr/learning_platform/internal/domain/enum/course_progress_enumer.go:60.46,62.2 1 0
github.com/Rasikrr/learning_platform/internal/domain/enum/course_progress_enumer.go:65.39,69.2 3 0
github.com/Rasikrr/learning_platform/internal/domain/enum/course_progress_enumer.go:72.50,73.42 1 0
github.com/Rasikrr/learning_platform/internal/domain/enum/course_progress_enumer.go:73.42,74.13 1 0
github.com/Rasikrr/learning_platform/internal/domain/enum/course_progress_enumer.go:74.13,76.4 1 0
github.com/Rasikrr/learning_platform/internal/domain/enum/course_progress_enumer.go:78.2,78.14 1 0
github.com/Rasikrr/learning_platform/internal/domain/enum/course_progress_enumer.go:82.55,84.2 1 0
github.com/Rasikrr/learning_platform/internal/domain/enum/course_progress_enumer.go:87.59,89.49 2 0
github.com/Rasikrr/learning_platform/internal/domain/enum/course_progress_enumer.go:89.49,91.3 1 0
github.com/Rasikrr/learning_platform/internal/domain/enum/course_progress_enumer.go:93.2,95.12 3 0
github.com/Rasikrr/learning_platform/internal/domain/enum/difficulty_enumer.go:17.37,18.46 1 0
github.com/Rasikrr/learning_platform/internal/domain/enum/difficulty_enumer.go:18.46,20.3 1 0
github.com/Rasikrr/learning_platform/internal/domain/enum/difficulty_enumer.go:21.2,21.67 1 0
github.com/Rasikrr/learning_platform/internal/domain/enum/difficulty_enumer.go:26.24,31.2 4 0
github.com/Rasikrr/learning_platform/internal/domain/enum/difficulty_enumer.go:52.53,53.49 1 0
github.com/Rasikrr/learning_platform/internal/domain/enum/difficulty_enumer.go:53.49,55.3 1 0
github.com/Rasikrr/learning_platform/internal/domain/enum/difficulty_enumer.go:57.2,57.66 1 0
github.com/Rasikrr/learning_platform/internal/domain/enum/difficulty_enumer.go:57.66,59.3 1 0
github.com/Rasikrr/learning_platform/internal/domain/enum/difficulty_enumer.go:60.2,60.68 1 0
github.com/Rasikrr/learning_platform/internal/domain/enum/difficulty_enumer.go:64.38,66.2 1 0
github.com/Rasikrr/learning_platform/internal/domain/enum/difficulty_enumer.go:69.35,73.2 3 0
github.com/Rasikrr/learning_platform/internal/domain/enum/difficulty_enumer.go:76.42,77.38 1 0
github.com/Rasikrr/learning_platform/internal/domain/enum/difficulty_enumer.go:77.38,78.13 1 0
github.com/Rasikrr/learning_platform/internal/domain/enum/difficulty_enumer.go:78.13,80.4 1 0
github.com/Rasikrr/learning_platform/internal/domain/enum/difficulty_enumer.go:82.2,82.14 1 0
github.com/Rasikrr/learning_platform/internal/domain/enum/difficulty_enumer.go:86.51,88.2 1 0
github.com/Rasikrr/learning_platform/internal/domain/enum/difficulty_enumer.go:91.55,93.49 2 0
github.com/Rasikrr/learning_platform/internal/domain/enum/difficulty_enumer.go:93.49,95.3 1 0
github.com/Rasikrr/learning_platform/internal/domain/enum/difficulty_enumer.go:97.2,99.12 3 0
github.com/Rasikrr/learning_platform/internal/domain/enum/programming_language_enumer.go:17.46,18.64 1 1
github.com/Rasikrr/learning_platform/internal/domain/enum/programming_language_enumer.go:18.64,20.3 1 0
github.com/Rasikrr/learning_platform/internal/domain/enum/programming_language_enumer.go:21.2,21.94 1 1
github.com/Rasikrr/learning_platform/internal/domain/enum/programming_language_enumer.go:26.33,35.2 8 0
github.com/Rasikrr/learning_platform/internal/domain/enum/programming_language_enumer.go:68.71,69.58 1 0
github.com/Rasikrr/learning_platform/internal/domain/enum/programming_language_enumer.go:69.58,71.3 1 0
github.com/Rasikrr/learning_platform/internal/domain/enum/programming_language_enumer.go:73.2,73.75 1 0
github.com/Rasikrr/learning_platform/internal/domain/enum/programming_language_enumer.go:73.75,75.3 1 0
github.com/Rasikrr/learning_platform/internal/domain/enum/programming_language_enumer.go:76.2,76.77 1 0
github.com/Rasikrr/learning_platform/internal/domain/enum/programming_language_enumer.go:80.56,82.2 1 0
github.com/Rasikrr/learning_platform/internal/domain/enum/programming_language_enumer.go:85.44,89.2 3 0
github.com/Rasikrr/learning_platform/internal/domain/enum/programming_language_enumer.go:92.60,93.47 1 0
github.com/Rasikrr/learning_platform/internal/domain/enum/programming_language_enumer.go:93.47,94.13 1 0
github.com/Rasikrr/learning_platform/internal/domain/enum/programming_language_enumer.go:94.13,96.4 1 0
github.com/Rasikrr/learning_platform/internal/domain/enum/programming_language_enumer.go:98.2,98.14 1 0
github.com/Rasikrr/learning_platform/internal/domain/enum/programming_language_enumer.go:102.60,104.2 1 0
github.com/Rasikrr/learning_platform/internal/domain/enum/programming_language_enumer.go:107.64,109.49 2 0
github.com/Rasikrr/learning_platform/internal/domain/enum/programming_language_enumer.go:109.49,111.3 1 0
github.com/Rasikrr/learning_platform/internal/domain/enum/programming_language_enumer.go:113.2,115.12 3 0
